\BOOKMARK [0][-]{chapter.1}{\376\377\0001\000\040\000\315\000n\000d\000i\000c\000e\000\040\000H\000i\000e\000r\000\341\000r\000q\000u\000i\000c\000o}{}% 1
\BOOKMARK [1][-]{section.1.1}{\376\377\0001\000.\0001\000\040\000H\000i\000e\000r\000a\000r\000q\000u\000i\000a\000\040\000d\000e\000\040\000C\000l\000a\000s\000s\000e\000s}{chapter.1}% 2
\BOOKMARK [0][-]{chapter.2}{\376\377\0002\000\040\000\315\000n\000d\000i\000c\000e\000\040\000d\000o\000s\000\040\000C\000o\000m\000p\000o\000n\000e\000n\000t\000e\000s}{}% 3
\BOOKMARK [1][-]{section.2.1}{\376\377\0002\000.\0001\000\040\000L\000i\000s\000t\000a\000\040\000d\000e\000\040\000C\000l\000a\000s\000s\000e\000s}{chapter.2}% 4
\BOOKMARK [0][-]{chapter.3}{\376\377\0003\000\040\000\315\000n\000d\000i\000c\000e\000\040\000d\000o\000s\000\040\000A\000r\000q\000u\000i\000v\000o\000s}{}% 5
\BOOKMARK [1][-]{section.3.1}{\376\377\0003\000.\0001\000\040\000L\000i\000s\000t\000a\000\040\000d\000e\000\040\000A\000r\000q\000u\000i\000v\000o\000s}{chapter.3}% 6
\BOOKMARK [0][-]{chapter.4}{\376\377\0004\000\040\000C\000l\000a\000s\000s\000e\000s}{}% 7
\BOOKMARK [1][-]{section.4.1}{\376\377\0004\000.\0001\000\040\000R\000e\000f\000e\000r\000\352\000n\000c\000i\000a\000\040\000d\000a\000\040\000C\000l\000a\000s\000s\000e\000\040\000B\000a\000t\000a\000l\000h\000a\000N\000a\000v\000a\000l}{chapter.4}% 8
\BOOKMARK [2][-]{subsection.4.1.1}{\376\377\0004\000.\0001\000.\0001\000\040\000D\000e\000s\000c\000r\000i\000\347\000\343\000o\000\040\000d\000e\000t\000a\000l\000h\000a\000d\000a}{section.4.1}% 9
\BOOKMARK [2][-]{subsection.4.1.2}{\376\377\0004\000.\0001\000.\0002\000\040\000C\000o\000n\000s\000t\000r\000u\000t\000o\000r\000e\000s\000\040\000e\000\040\000D\000e\000s\000t\000r\000u\000t\000o\000r\000e\000s}{section.4.1}% 10
\BOOKMARK [3][-]{subsubsection.4.1.2.1}{\376\377\0004\000.\0001\000.\0002\000.\0001\000\040\000B\000a\000t\000a\000l\000h\000a\000N\000a\000v\000a\000l\000\050\000\051}{subsection.4.1.2}% 11
\BOOKMARK [2][-]{subsection.4.1.3}{\376\377\0004\000.\0001\000.\0003\000\040\000D\000o\000c\000u\000m\000e\000n\000t\000a\000\347\000\343\000o\000\040\000d\000a\000s\000\040\000f\000u\000n\000\347\000\365\000e\000s}{section.4.1}% 12
\BOOKMARK [3][-]{subsubsection.4.1.3.1}{\376\377\0004\000.\0001\000.\0003\000.\0001\000\040\000a\000n\000u\000n\000c\000i\000a\000r\000I\000n\000i\000c\000i\000o\000P\000a\000r\000t\000i\000d\000a\000\050\000\051}{subsection.4.1.3}% 13
\BOOKMARK [3][-]{subsubsection.4.1.3.2}{\376\377\0004\000.\0001\000.\0003\000.\0002\000\040\000c\000h\000e\000c\000a\000r\000E\000m\000p\000a\000t\000e\000\050\000\051}{subsection.4.1.3}% 14
\BOOKMARK [3][-]{subsubsection.4.1.3.3}{\376\377\0004\000.\0001\000.\0003\000.\0003\000\040\000c\000h\000e\000c\000a\000r\000P\000o\000s\000i\000c\000a\000o\000V\000a\000l\000i\000d\000a\000\050\000\051}{subsection.4.1.3}% 15
\BOOKMARK [3][-]{subsubsection.4.1.3.4}{\376\377\0004\000.\0001\000.\0003\000.\0004\000\040\000c\000h\000e\000c\000a\000r\000V\000e\000n\000c\000e\000d\000o\000r\000\050\000\051\000\040\000[\0001\000/\0002\000]}{subsection.4.1.3}% 16
\BOOKMARK [3][-]{subsubsection.4.1.3.5}{\376\377\0004\000.\0001\000.\0003\000.\0005\000\040\000c\000h\000e\000c\000a\000r\000V\000e\000n\000c\000e\000d\000o\000r\000\050\000\051\000\040\000[\0002\000/\0002\000]}{subsection.4.1.3}% 17
\BOOKMARK [3][-]{subsubsection.4.1.3.6}{\376\377\0004\000.\0001\000.\0003\000.\0006\000\040\000g\000e\000t\000T\000a\000m\000a\000n\000h\000o\000B\000a\000r\000c\000o\000\050\000\051}{subsection.4.1.3}% 18
\BOOKMARK [3][-]{subsubsection.4.1.3.7}{\376\377\0004\000.\0001\000.\0003\000.\0007\000\040\000i\000n\000s\000e\000r\000i\000r\000B\000a\000r\000c\000o\000s\000\050\000\051}{subsection.4.1.3}% 19
\BOOKMARK [3][-]{subsubsection.4.1.3.8}{\376\377\0004\000.\0001\000.\0003\000.\0008\000\040\000J\000o\000g\000a\000r\000\050\000\051}{subsection.4.1.3}% 20
\BOOKMARK [3][-]{subsubsection.4.1.3.9}{\376\377\0004\000.\0001\000.\0003\000.\0009\000\040\000l\000e\000r\000B\000a\000r\000c\000o\000s\000\050\000\051}{subsection.4.1.3}% 21
\BOOKMARK [3][-]{subsubsection.4.1.3.10}{\376\377\0004\000.\0001\000.\0003\000.\0001\0000\000\040\000l\000e\000r\000J\000o\000g\000a\000d\000a\000\050\000\051}{subsection.4.1.3}% 22
\BOOKMARK [3][-]{subsubsection.4.1.3.11}{\376\377\0004\000.\0001\000.\0003\000.\0001\0001\000\040\000m\000a\000r\000c\000a\000r\000T\000a\000b\000u\000l\000e\000i\000r\000o\000\050\000\051}{subsection.4.1.3}% 23
\BOOKMARK [3][-]{subsubsection.4.1.3.12}{\376\377\0004\000.\0001\000.\0003\000.\0001\0002\000\040\000m\000o\000s\000t\000r\000a\000r\000T\000a\000b\000u\000l\000e\000i\000r\000o\000\050\000\051}{subsection.4.1.3}% 24
\BOOKMARK [3][-]{subsubsection.4.1.3.13}{\376\377\0004\000.\0001\000.\0003\000.\0001\0003\000\040\000q\000u\000a\000n\000t\000i\000d\000a\000d\000e\000B\000a\000r\000c\000o\000s\000D\000i\000s\000p\000o\000n\000i\000v\000e\000i\000s\000\050\000\051}{subsection.4.1.3}% 25
\BOOKMARK [3][-]{subsubsection.4.1.3.14}{\376\377\0004\000.\0001\000.\0003\000.\0001\0004\000\040\000v\000e\000r\000i\000f\000i\000c\000a\000r\000E\000n\000t\000r\000a\000d\000a\000\050\000\051}{subsection.4.1.3}% 26
\BOOKMARK [3][-]{subsubsection.4.1.3.15}{\376\377\0004\000.\0001\000.\0003\000.\0001\0005\000\040\000v\000e\000r\000i\000f\000i\000c\000a\000r\000S\000o\000b\000r\000e\000p\000o\000s\000i\000c\000a\000o\000\050\000\051}{subsection.4.1.3}% 27
\BOOKMARK [3][-]{subsubsection.4.1.3.16}{\376\377\0004\000.\0001\000.\0003\000.\0001\0006\000\040\000v\000e\000r\000i\000f\000i\000c\000a\000r\000T\000a\000m\000a\000n\000h\000o\000d\000o\000B\000a\000r\000c\000o\000\050\000\051}{subsection.4.1.3}% 28
\BOOKMARK [1][-]{section.4.2}{\376\377\0004\000.\0002\000\040\000R\000e\000f\000e\000r\000\352\000n\000c\000i\000a\000\040\000d\000a\000\040\000C\000l\000a\000s\000s\000e\000\040\000C\000e\000n\000t\000r\000a\000l\000D\000e\000J\000o\000g\000o\000s}{chapter.4}% 29
\BOOKMARK [2][-]{subsection.4.2.1}{\376\377\0004\000.\0002\000.\0001\000\040\000C\000o\000n\000s\000t\000r\000u\000t\000o\000r\000e\000s\000\040\000e\000\040\000D\000e\000s\000t\000r\000u\000t\000o\000r\000e\000s}{section.4.2}% 30
\BOOKMARK [3][-]{subsubsection.4.2.1.1}{\376\377\0004\000.\0002\000.\0001\000.\0001\000\040\000C\000e\000n\000t\000r\000a\000l\000D\000e\000J\000o\000g\000o\000s\000\050\000\051}{subsection.4.2.1}% 31
\BOOKMARK [3][-]{subsubsection.4.2.1.2}{\376\377\0004\000.\0002\000.\0001\000.\0002\000\040\000~\000C\000e\000n\000t\000r\000a\000l\000D\000e\000J\000o\000g\000o\000s\000\050\000\051}{subsection.4.2.1}% 32
\BOOKMARK [2][-]{subsection.4.2.2}{\376\377\0004\000.\0002\000.\0002\000\040\000D\000o\000c\000u\000m\000e\000n\000t\000a\000\347\000\343\000o\000\040\000d\000a\000s\000\040\000f\000u\000n\000\347\000\365\000e\000s}{section.4.2}% 33
\BOOKMARK [3][-]{subsubsection.4.2.2.1}{\376\377\0004\000.\0002\000.\0002\000.\0001\000\040\000b\000u\000s\000c\000a\000r\000J\000o\000g\000a\000d\000o\000r\000\050\000\051}{subsection.4.2.2}% 34
\BOOKMARK [3][-]{subsubsection.4.2.2.2}{\376\377\0004\000.\0002\000.\0002\000.\0002\000\040\000c\000a\000d\000a\000s\000t\000r\000a\000r\000J\000o\000g\000a\000d\000o\000r\000\050\000\051}{subsection.4.2.2}% 35
\BOOKMARK [3][-]{subsubsection.4.2.2.3}{\376\377\0004\000.\0002\000.\0002\000.\0003\000\040\000e\000x\000e\000c\000u\000t\000a\000r\000P\000a\000r\000t\000i\000d\000a\000\050\000\051}{subsection.4.2.2}% 36
\BOOKMARK [3][-]{subsubsection.4.2.2.4}{\376\377\0004\000.\0002\000.\0002\000.\0004\000\040\000l\000i\000s\000t\000a\000r\000J\000o\000g\000a\000d\000o\000r\000e\000s\000\050\000\051}{subsection.4.2.2}% 37
\BOOKMARK [3][-]{subsubsection.4.2.2.5}{\376\377\0004\000.\0002\000.\0002\000.\0005\000\040\000o\000r\000d\000e\000n\000a\000r\000J\000o\000g\000a\000d\000o\000r\000e\000s\000\050\000\051}{subsection.4.2.2}% 38
\BOOKMARK [3][-]{subsubsection.4.2.2.6}{\376\377\0004\000.\0002\000.\0002\000.\0006\000\040\000r\000e\000m\000o\000v\000e\000r\000J\000o\000g\000a\000d\000o\000r\000\050\000\051}{subsection.4.2.2}% 39
\BOOKMARK [3][-]{subsubsection.4.2.2.7}{\376\377\0004\000.\0002\000.\0002\000.\0007\000\040\000v\000a\000l\000i\000d\000a\000r\000E\000n\000t\000r\000a\000d\000a\000\050\000\051}{subsection.4.2.2}% 40
\BOOKMARK [2][-]{subsection.4.2.3}{\376\377\0004\000.\0002\000.\0003\000\040\000A\000t\000r\000i\000b\000u\000t\000o\000s}{section.4.2}% 41
\BOOKMARK [3][-]{subsubsection.4.2.3.1}{\376\377\0004\000.\0002\000.\0003\000.\0001\000\040\000A\000i}{subsection.4.2.3}% 42
\BOOKMARK [3][-]{subsubsection.4.2.3.2}{\376\377\0004\000.\0002\000.\0003\000.\0002\000\040\000b\000a\000t\000a\000l\000h\000a}{subsection.4.2.3}% 43
\BOOKMARK [3][-]{subsubsection.4.2.3.3}{\376\377\0004\000.\0002\000.\0003\000.\0003\000\040\000j\000o\000g\000a\000d\000o\000r\000e\000s\000C\000a\000d\000a\000s\000t\000r\000a\000d\000o\000s}{subsection.4.2.3}% 44
\BOOKMARK [3][-]{subsubsection.4.2.3.4}{\376\377\0004\000.\0002\000.\0003\000.\0004\000\040\000l\000i\000g\0004}{subsection.4.2.3}% 45
\BOOKMARK [3][-]{subsubsection.4.2.3.5}{\376\377\0004\000.\0002\000.\0003\000.\0005\000\040\000r\000e\000v\000e\000r\000s\000i}{subsection.4.2.3}% 46
\BOOKMARK [3][-]{subsubsection.4.2.3.6}{\376\377\0004\000.\0002\000.\0003\000.\0006\000\040\000v\000e\000l\000h\000a}{subsection.4.2.3}% 47
\BOOKMARK [1][-]{section.4.3}{\376\377\0004\000.\0003\000\040\000R\000e\000f\000e\000r\000\352\000n\000c\000i\000a\000\040\000d\000a\000\040\000C\000l\000a\000s\000s\000e\000\040\000E\000s\000t\000a\000t\000i\000s\000t\000i\000c\000a\000s}{chapter.4}% 48
\BOOKMARK [2][-]{subsection.4.3.1}{\376\377\0004\000.\0003\000.\0001\000\040\000C\000o\000n\000s\000t\000r\000u\000t\000o\000r\000e\000s\000\040\000e\000\040\000D\000e\000s\000t\000r\000u\000t\000o\000r\000e\000s}{section.4.3}% 49
\BOOKMARK [3][-]{subsubsection.4.3.1.1}{\376\377\0004\000.\0003\000.\0001\000.\0001\000\040\000E\000s\000t\000a\000t\000i\000s\000t\000i\000c\000a\000s\000\050\000\051\000\040\000[\0001\000/\0002\000]}{subsection.4.3.1}% 50
\BOOKMARK [3][-]{subsubsection.4.3.1.2}{\376\377\0004\000.\0003\000.\0001\000.\0002\000\040\000E\000s\000t\000a\000t\000i\000s\000t\000i\000c\000a\000s\000\050\000\051\000\040\000[\0002\000/\0002\000]}{subsection.4.3.1}% 51
\BOOKMARK [2][-]{subsection.4.3.2}{\376\377\0004\000.\0003\000.\0002\000\040\000D\000o\000c\000u\000m\000e\000n\000t\000a\000\347\000\343\000o\000\040\000d\000a\000s\000\040\000f\000u\000n\000\347\000\365\000e\000s}{section.4.3}% 52
\BOOKMARK [3][-]{subsubsection.4.3.2.1}{\376\377\0004\000.\0003\000.\0002\000.\0001\000\040\000g\000e\000t\000D\000e\000r\000r\000o\000t\000a\000s\000\050\000\051}{subsection.4.3.2}% 53
\BOOKMARK [3][-]{subsubsection.4.3.2.2}{\376\377\0004\000.\0003\000.\0002\000.\0002\000\040\000g\000e\000t\000E\000m\000p\000a\000t\000e\000s\000\050\000\051}{subsection.4.3.2}% 54
\BOOKMARK [3][-]{subsubsection.4.3.2.3}{\376\377\0004\000.\0003\000.\0002\000.\0003\000\040\000g\000e\000t\000H\000i\000s\000t\000o\000r\000i\000c\000o\000\050\000\051}{subsection.4.3.2}% 55
\BOOKMARK [3][-]{subsubsection.4.3.2.4}{\376\377\0004\000.\0003\000.\0002\000.\0004\000\040\000g\000e\000t\000V\000i\000t\000o\000r\000i\000a\000s\000\050\000\051}{subsection.4.3.2}% 56
\BOOKMARK [3][-]{subsubsection.4.3.2.5}{\376\377\0004\000.\0003\000.\0002\000.\0005\000\040\000m\000o\000s\000t\000r\000a\000r\000E\000s\000t\000a\000t\000i\000s\000t\000i\000c\000a\000s\000\050\000\051}{subsection.4.3.2}% 57
\BOOKMARK [3][-]{subsubsection.4.3.2.6}{\376\377\0004\000.\0003\000.\0002\000.\0006\000\040\000r\000e\000g\000i\000s\000t\000r\000a\000r\000D\000e\000r\000r\000o\000t\000a\000\050\000\051}{subsection.4.3.2}% 58
\BOOKMARK [3][-]{subsubsection.4.3.2.7}{\376\377\0004\000.\0003\000.\0002\000.\0007\000\040\000r\000e\000g\000i\000s\000t\000r\000a\000r\000E\000m\000p\000a\000t\000e\000\050\000\051}{subsection.4.3.2}% 59
\BOOKMARK [3][-]{subsubsection.4.3.2.8}{\376\377\0004\000.\0003\000.\0002\000.\0008\000\040\000r\000e\000g\000i\000s\000t\000r\000a\000r\000V\000i\000t\000o\000r\000i\000a\000\050\000\051}{subsection.4.3.2}% 60
\BOOKMARK [2][-]{subsection.4.3.3}{\376\377\0004\000.\0003\000.\0003\000\040\000A\000t\000r\000i\000b\000u\000t\000o\000s}{section.4.3}% 61
\BOOKMARK [3][-]{subsubsection.4.3.3.1}{\376\377\0004\000.\0003\000.\0003\000.\0001\000\040\000d\000e\000r\000r\000o\000t\000a\000s}{subsection.4.3.3}% 62
\BOOKMARK [3][-]{subsubsection.4.3.3.2}{\376\377\0004\000.\0003\000.\0003\000.\0002\000\040\000e\000m\000p\000a\000t\000e\000s}{subsection.4.3.3}% 63
\BOOKMARK [3][-]{subsubsection.4.3.3.3}{\376\377\0004\000.\0003\000.\0003\000.\0003\000\040\000v\000i\000t\000o\000r\000i\000a\000s}{subsection.4.3.3}% 64
\BOOKMARK [1][-]{section.4.4}{\376\377\0004\000.\0004\000\040\000R\000e\000f\000e\000r\000\352\000n\000c\000i\000a\000\040\000d\000a\000\040\000C\000l\000a\000s\000s\000e\000\040\000E\000x\000c\000e\000c\000a\000o\000P\000o\000s\000i\000c\000i\000o\000n\000a\000m\000e\000n\000t\000o\000d\000e\000B\000a\000r\000c\000o}{chapter.4}% 65
\BOOKMARK [2][-]{subsection.4.4.1}{\376\377\0004\000.\0004\000.\0001\000\040\000D\000e\000s\000c\000r\000i\000\347\000\343\000o\000\040\000d\000e\000t\000a\000l\000h\000a\000d\000a}{section.4.4}% 66
\BOOKMARK [2][-]{subsection.4.4.2}{\376\377\0004\000.\0004\000.\0002\000\040\000D\000o\000c\000u\000m\000e\000n\000t\000a\000\347\000\343\000o\000\040\000d\000a\000s\000\040\000f\000u\000n\000\347\000\365\000e\000s}{section.4.4}% 67
\BOOKMARK [3][-]{subsubsection.4.4.2.1}{\376\377\0004\000.\0004\000.\0002\000.\0001\000\040\000w\000h\000a\000t\000\050\000\051}{subsection.4.4.2}% 68
\BOOKMARK [1][-]{section.4.5}{\376\377\0004\000.\0005\000\040\000R\000e\000f\000e\000r\000\352\000n\000c\000i\000a\000\040\000d\000a\000\040\000C\000l\000a\000s\000s\000e\000\040\000E\000x\000c\000e\000c\000a\000o\000T\000i\000p\000o\000d\000e\000B\000a\000r\000c\000o\000I\000n\000v\000a\000l\000i\000d\000o}{chapter.4}% 69
\BOOKMARK [2][-]{subsection.4.5.1}{\376\377\0004\000.\0005\000.\0001\000\040\000D\000e\000s\000c\000r\000i\000\347\000\343\000o\000\040\000d\000e\000t\000a\000l\000h\000a\000d\000a}{section.4.5}% 70
\BOOKMARK [2][-]{subsection.4.5.2}{\376\377\0004\000.\0005\000.\0002\000\040\000D\000o\000c\000u\000m\000e\000n\000t\000a\000\347\000\343\000o\000\040\000d\000a\000s\000\040\000f\000u\000n\000\347\000\365\000e\000s}{section.4.5}% 71
\BOOKMARK [3][-]{subsubsection.4.5.2.1}{\376\377\0004\000.\0005\000.\0002\000.\0001\000\040\000w\000h\000a\000t\000\050\000\051}{subsection.4.5.2}% 72
\BOOKMARK [1][-]{section.4.6}{\376\377\0004\000.\0006\000\040\000R\000e\000f\000e\000r\000\352\000n\000c\000i\000a\000\040\000d\000a\000\040\000C\000l\000a\000s\000s\000e\000\040\000J\000o\000g\000a\000d\000o\000r}{chapter.4}% 73
\BOOKMARK [2][-]{subsection.4.6.1}{\376\377\0004\000.\0006\000.\0001\000\040\000C\000o\000n\000s\000t\000r\000u\000t\000o\000r\000e\000s\000\040\000e\000\040\000D\000e\000s\000t\000r\000u\000t\000o\000r\000e\000s}{section.4.6}% 74
\BOOKMARK [3][-]{subsubsection.4.6.1.1}{\376\377\0004\000.\0006\000.\0001\000.\0001\000\040\000J\000o\000g\000a\000d\000o\000r\000\050\000\051\000\040\000[\0001\000/\0002\000]}{subsection.4.6.1}% 75
\BOOKMARK [3][-]{subsubsection.4.6.1.2}{\376\377\0004\000.\0006\000.\0001\000.\0002\000\040\000J\000o\000g\000a\000d\000o\000r\000\050\000\051\000\040\000[\0002\000/\0002\000]}{subsection.4.6.1}% 76
\BOOKMARK [2][-]{subsection.4.6.2}{\376\377\0004\000.\0006\000.\0002\000\040\000D\000o\000c\000u\000m\000e\000n\000t\000a\000\347\000\343\000o\000\040\000d\000a\000s\000\040\000f\000u\000n\000\347\000\365\000e\000s}{section.4.6}% 77
\BOOKMARK [3][-]{subsubsection.4.6.2.1}{\376\377\0004\000.\0006\000.\0002\000.\0001\000\040\000g\000e\000t\000A\000p\000e\000l\000i\000d\000o\000\050\000\051}{subsection.4.6.2}% 78
\BOOKMARK [3][-]{subsubsection.4.6.2.2}{\376\377\0004\000.\0006\000.\0002\000.\0002\000\040\000g\000e\000t\000D\000e\000r\000r\000o\000t\000a\000s\000\050\000\051}{subsection.4.6.2}% 79
\BOOKMARK [3][-]{subsubsection.4.6.2.3}{\376\377\0004\000.\0006\000.\0002\000.\0003\000\040\000g\000e\000t\000E\000m\000p\000a\000t\000e\000s\000\050\000\051}{subsection.4.6.2}% 80
\BOOKMARK [3][-]{subsubsection.4.6.2.4}{\376\377\0004\000.\0006\000.\0002\000.\0004\000\040\000g\000e\000t\000N\000o\000m\000e\000\050\000\051}{subsection.4.6.2}% 81
\BOOKMARK [3][-]{subsubsection.4.6.2.5}{\376\377\0004\000.\0006\000.\0002\000.\0005\000\040\000g\000e\000t\000V\000i\000t\000o\000r\000i\000a\000s\000\050\000\051}{subsection.4.6.2}% 82
\BOOKMARK [3][-]{subsubsection.4.6.2.6}{\376\377\0004\000.\0006\000.\0002\000.\0006\000\040\000m\000o\000s\000t\000r\000a\000r\000E\000s\000t\000a\000t\000i\000s\000t\000i\000c\000a\000s\000\050\000\051}{subsection.4.6.2}% 83
\BOOKMARK [3][-]{subsubsection.4.6.2.7}{\376\377\0004\000.\0006\000.\0002\000.\0007\000\040\000r\000e\000g\000i\000s\000t\000r\000a\000r\000D\000e\000r\000r\000o\000t\000a\000\050\000\051}{subsection.4.6.2}% 84
\BOOKMARK [3][-]{subsubsection.4.6.2.8}{\376\377\0004\000.\0006\000.\0002\000.\0008\000\040\000r\000e\000g\000i\000s\000t\000r\000a\000r\000E\000m\000p\000a\000t\000e\000\050\000\051}{subsection.4.6.2}% 85
\BOOKMARK [3][-]{subsubsection.4.6.2.9}{\376\377\0004\000.\0006\000.\0002\000.\0009\000\040\000r\000e\000g\000i\000s\000t\000r\000a\000r\000V\000i\000t\000o\000r\000i\000a\000\050\000\051}{subsection.4.6.2}% 86
\BOOKMARK [2][-]{subsection.4.6.3}{\376\377\0004\000.\0006\000.\0003\000\040\000A\000t\000r\000i\000b\000u\000t\000o\000s}{section.4.6}% 87
\BOOKMARK [3][-]{subsubsection.4.6.3.1}{\376\377\0004\000.\0006\000.\0003\000.\0001\000\040\000a\000p\000e\000l\000i\000d\000o}{subsection.4.6.3}% 88
\BOOKMARK [3][-]{subsubsection.4.6.3.2}{\376\377\0004\000.\0006\000.\0003\000.\0002\000\040\000e\000s\000t\000a\000t\000i\000s\000t\000i\000c\000a\000s\000P\000o\000r\000J\000o\000g\000o}{subsection.4.6.3}% 89
\BOOKMARK [3][-]{subsubsection.4.6.3.3}{\376\377\0004\000.\0006\000.\0003\000.\0003\000\040\000n\000o\000m\000e}{subsection.4.6.3}% 90
\BOOKMARK [1][-]{section.4.7}{\376\377\0004\000.\0007\000\040\000R\000e\000f\000e\000r\000\352\000n\000c\000i\000a\000\040\000d\000a\000\040\000C\000l\000a\000s\000s\000e\000\040\000J\000o\000g\000o\000D\000a\000V\000e\000l\000h\000a}{chapter.4}% 91
\BOOKMARK [2][-]{subsection.4.7.1}{\376\377\0004\000.\0007\000.\0001\000\040\000C\000o\000n\000s\000t\000r\000u\000t\000o\000r\000e\000s\000\040\000e\000\040\000D\000e\000s\000t\000r\000u\000t\000o\000r\000e\000s}{section.4.7}% 92
\BOOKMARK [3][-]{subsubsection.4.7.1.1}{\376\377\0004\000.\0007\000.\0001\000.\0001\000\040\000J\000o\000g\000o\000D\000a\000V\000e\000l\000h\000a\000\050\000\051\000\040\000[\0001\000/\0002\000]}{subsection.4.7.1}% 93
\BOOKMARK [3][-]{subsubsection.4.7.1.2}{\376\377\0004\000.\0007\000.\0001\000.\0002\000\040\000J\000o\000g\000o\000D\000a\000V\000e\000l\000h\000a\000\050\000\051\000\040\000[\0002\000/\0002\000]}{subsection.4.7.1}% 94
\BOOKMARK [2][-]{subsection.4.7.2}{\376\377\0004\000.\0007\000.\0002\000\040\000D\000o\000c\000u\000m\000e\000n\000t\000a\000\347\000\343\000o\000\040\000d\000a\000s\000\040\000f\000u\000n\000\347\000\365\000e\000s}{section.4.7}% 95
\BOOKMARK [3][-]{subsubsection.4.7.2.1}{\376\377\0004\000.\0007\000.\0002\000.\0001\000\040\000a\000n\000u\000n\000c\000i\000a\000r\000I\000n\000i\000c\000i\000o\000P\000a\000r\000t\000i\000d\000a\000\050\000\051}{subsection.4.7.2}% 96
\BOOKMARK [3][-]{subsubsection.4.7.2.2}{\376\377\0004\000.\0007\000.\0002\000.\0002\000\040\000c\000h\000e\000c\000a\000r\000C\000o\000l\000u\000n\000a\000s\000\050\000\051}{subsection.4.7.2}% 97
\BOOKMARK [3][-]{subsubsection.4.7.2.3}{\376\377\0004\000.\0007\000.\0002\000.\0003\000\040\000c\000h\000e\000c\000a\000r\000D\000i\000a\000g\000o\000n\000a\000l\000\050\000\051}{subsection.4.7.2}% 98
\BOOKMARK [3][-]{subsubsection.4.7.2.4}{\376\377\0004\000.\0007\000.\0002\000.\0004\000\040\000c\000h\000e\000c\000a\000r\000E\000m\000p\000a\000t\000e\000\050\000\051}{subsection.4.7.2}% 99
\BOOKMARK [3][-]{subsubsection.4.7.2.5}{\376\377\0004\000.\0007\000.\0002\000.\0005\000\040\000c\000h\000e\000c\000a\000r\000L\000i\000n\000h\000a\000s\000\050\000\051}{subsection.4.7.2}% 100
\BOOKMARK [3][-]{subsubsection.4.7.2.6}{\376\377\0004\000.\0007\000.\0002\000.\0006\000\040\000c\000h\000e\000c\000a\000r\000V\000e\000n\000c\000e\000d\000o\000r\000\050\000\051}{subsection.4.7.2}% 101
\BOOKMARK [3][-]{subsubsection.4.7.2.7}{\376\377\0004\000.\0007\000.\0002\000.\0007\000\040\000l\000e\000r\000J\000o\000g\000a\000d\000a\000\050\000\051}{subsection.4.7.2}% 102
\BOOKMARK [2][-]{subsection.4.7.3}{\376\377\0004\000.\0007\000.\0003\000\040\000D\000o\000c\000u\000m\000e\000n\000t\000a\000\347\000\343\000o\000\040\000d\000o\000s\000\040\000s\000\355\000m\000b\000o\000l\000o\000s\000\040\000a\000m\000i\000g\000o\000s\000\040\000e\000\040\000r\000e\000l\000a\000c\000i\000o\000n\000a\000d\000o\000s}{section.4.7}% 103
\BOOKMARK [3][-]{subsubsection.4.7.3.1}{\376\377\0004\000.\0007\000.\0003\000.\0001\000\040\000J\000o\000g\000o\000D\000a\000V\000e\000l\000h\000a\000A\000i}{subsection.4.7.3}% 104
\BOOKMARK [3][-]{subsubsection.4.7.3.2}{\376\377\0004\000.\0007\000.\0003\000.\0002\000\040\000J\000o\000g\000o\000D\000a\000V\000e\000l\000h\000a\000T\000e\000s\000t\000s}{subsection.4.7.3}% 105
\BOOKMARK [1][-]{section.4.8}{\376\377\0004\000.\0008\000\040\000R\000e\000f\000e\000r\000\352\000n\000c\000i\000a\000\040\000d\000a\000\040\000C\000l\000a\000s\000s\000e\000\040\000J\000o\000g\000o\000D\000a\000V\000e\000l\000h\000a\000A\000i}{chapter.4}% 106
\BOOKMARK [2][-]{subsection.4.8.1}{\376\377\0004\000.\0008\000.\0001\000\040\000C\000o\000n\000s\000t\000r\000u\000t\000o\000r\000e\000s\000\040\000e\000\040\000D\000e\000s\000t\000r\000u\000t\000o\000r\000e\000s}{section.4.8}% 107
\BOOKMARK [3][-]{subsubsection.4.8.1.1}{\376\377\0004\000.\0008\000.\0001\000.\0001\000\040\000J\000o\000g\000o\000D\000a\000V\000e\000l\000h\000a\000A\000i\000\050\000\051}{subsection.4.8.1}% 108
\BOOKMARK [2][-]{subsection.4.8.2}{\376\377\0004\000.\0008\000.\0002\000\040\000D\000o\000c\000u\000m\000e\000n\000t\000a\000\347\000\343\000o\000\040\000d\000a\000s\000\040\000f\000u\000n\000\347\000\365\000e\000s}{section.4.8}% 109
\BOOKMARK [3][-]{subsubsection.4.8.2.1}{\376\377\0004\000.\0008\000.\0002\000.\0001\000\040\000c\000h\000e\000c\000a\000r\000V\000i\000t\000o\000r\000i\000a\000\050\000\051}{subsection.4.8.2}% 110
\BOOKMARK [3][-]{subsubsection.4.8.2.2}{\376\377\0004\000.\0008\000.\0002\000.\0002\000\040\000g\000e\000t\000M\000e\000l\000h\000o\000r\000M\000o\000v\000i\000m\000e\000n\000t\000o\000\050\000\051}{subsection.4.8.2}% 111
\BOOKMARK [3][-]{subsubsection.4.8.2.3}{\376\377\0004\000.\0008\000.\0002\000.\0003\000\040\000i\000s\000T\000a\000b\000u\000l\000e\000i\000r\000o\000C\000h\000e\000i\000o\000\050\000\051}{subsection.4.8.2}% 112
\BOOKMARK [3][-]{subsubsection.4.8.2.4}{\376\377\0004\000.\0008\000.\0002\000.\0004\000\040\000J\000o\000g\000a\000r\000\050\000\051}{subsection.4.8.2}% 113
\BOOKMARK [3][-]{subsubsection.4.8.2.5}{\376\377\0004\000.\0008\000.\0002\000.\0005\000\040\000j\000o\000g\000a\000r\000A\000I\000\050\000\051}{subsection.4.8.2}% 114
\BOOKMARK [3][-]{subsubsection.4.8.2.6}{\376\377\0004\000.\0008\000.\0002\000.\0006\000\040\000j\000o\000g\000a\000r\000H\000u\000m\000a\000n\000o\000\050\000\051}{subsection.4.8.2}% 115
\BOOKMARK [3][-]{subsubsection.4.8.2.7}{\376\377\0004\000.\0008\000.\0002\000.\0007\000\040\000m\000i\000n\000i\000m\000a\000x\000\050\000\051}{subsection.4.8.2}% 116
\BOOKMARK [2][-]{subsection.4.8.3}{\376\377\0004\000.\0008\000.\0003\000\040\000A\000t\000r\000i\000b\000u\000t\000o\000s}{section.4.8}% 117
\BOOKMARK [3][-]{subsubsection.4.8.3.1}{\376\377\0004\000.\0008\000.\0003\000.\0001\000\040\000j\000o\000g\000o}{subsection.4.8.3}% 118
\BOOKMARK [3][-]{subsubsection.4.8.3.2}{\376\377\0004\000.\0008\000.\0003\000.\0002\000\040\000M\000A\000X\000\137\000P\000R\000O\000F\000U\000N\000D\000I\000D\000A\000D\000E}{subsection.4.8.3}% 119
\BOOKMARK [3][-]{subsubsection.4.8.3.3}{\376\377\0004\000.\0008\000.\0003\000.\0003\000\040\000t\000a\000b\000u\000l\000e\000i\000r\000o}{subsection.4.8.3}% 120
\BOOKMARK [1][-]{section.4.9}{\376\377\0004\000.\0009\000\040\000R\000e\000f\000e\000r\000\352\000n\000c\000i\000a\000\040\000d\000a\000\040\000C\000l\000a\000s\000s\000e\000\040\000J\000o\000g\000o\000s}{chapter.4}% 121
\BOOKMARK [2][-]{subsection.4.9.1}{\376\377\0004\000.\0009\000.\0001\000\040\000D\000o\000c\000u\000m\000e\000n\000t\000a\000\347\000\343\000o\000\040\000d\000a\000s\000\040\000f\000u\000n\000\347\000\365\000e\000s}{section.4.9}% 122
\BOOKMARK [3][-]{subsubsection.4.9.1.1}{\376\377\0004\000.\0009\000.\0001\000.\0001\000\040\000a\000n\000u\000n\000c\000i\000a\000r\000I\000n\000i\000c\000i\000o\000P\000a\000r\000t\000i\000d\000a\000\050\000\051}{subsection.4.9.1}% 123
\BOOKMARK [3][-]{subsubsection.4.9.1.2}{\376\377\0004\000.\0009\000.\0001\000.\0002\000\040\000a\000n\000u\000n\000c\000i\000a\000r\000T\000u\000r\000n\000o\000J\000o\000g\000a\000d\000o\000r\000\050\000\051}{subsection.4.9.1}% 124
\BOOKMARK [3][-]{subsubsection.4.9.1.3}{\376\377\0004\000.\0009\000.\0001\000.\0003\000\040\000c\000h\000e\000c\000a\000r\000E\000m\000p\000a\000t\000e\000\050\000\051}{subsection.4.9.1}% 125
\BOOKMARK [3][-]{subsubsection.4.9.1.4}{\376\377\0004\000.\0009\000.\0001\000.\0004\000\040\000c\000h\000e\000c\000a\000r\000J\000o\000g\000a\000d\000a\000E\000x\000i\000s\000t\000e\000n\000t\000e\000\050\000\051}{subsection.4.9.1}% 126
\BOOKMARK [3][-]{subsubsection.4.9.1.5}{\376\377\0004\000.\0009\000.\0001\000.\0005\000\040\000c\000h\000e\000c\000a\000r\000P\000o\000s\000i\000c\000a\000o\000V\000a\000l\000i\000d\000a\000\050\000\051}{subsection.4.9.1}% 127
\BOOKMARK [3][-]{subsubsection.4.9.1.6}{\376\377\0004\000.\0009\000.\0001\000.\0006\000\040\000c\000h\000e\000c\000a\000r\000V\000e\000n\000c\000e\000d\000o\000r\000\050\000\051}{subsection.4.9.1}% 128
\BOOKMARK [3][-]{subsubsection.4.9.1.7}{\376\377\0004\000.\0009\000.\0001\000.\0007\000\040\000g\000e\000r\000a\000r\000D\000i\000v\000i\000s\000o\000r\000i\000a\000T\000a\000b\000u\000l\000e\000i\000r\000o\000\050\000\051}{subsection.4.9.1}% 129
\BOOKMARK [3][-]{subsubsection.4.9.1.8}{\376\377\0004\000.\0009\000.\0001\000.\0008\000\040\000J\000o\000g\000a\000r\000\050\000\051}{subsection.4.9.1}% 130
\BOOKMARK [3][-]{subsubsection.4.9.1.9}{\376\377\0004\000.\0009\000.\0001\000.\0009\000\040\000l\000e\000r\000J\000o\000g\000a\000d\000a\000\050\000\051}{subsection.4.9.1}% 131
\BOOKMARK [3][-]{subsubsection.4.9.1.10}{\376\377\0004\000.\0009\000.\0001\000.\0001\0000\000\040\000l\000i\000m\000p\000a\000r\000T\000a\000b\000u\000l\000e\000i\000r\000o\000\050\000\051}{subsection.4.9.1}% 132
\BOOKMARK [3][-]{subsubsection.4.9.1.11}{\376\377\0004\000.\0009\000.\0001\000.\0001\0001\000\040\000m\000a\000r\000c\000a\000r\000T\000a\000b\000u\000l\000e\000i\000r\000o\000\050\000\051}{subsection.4.9.1}% 133
\BOOKMARK [3][-]{subsubsection.4.9.1.12}{\376\377\0004\000.\0009\000.\0001\000.\0001\0002\000\040\000m\000o\000s\000t\000r\000a\000r\000T\000a\000b\000u\000l\000e\000i\000r\000o\000\050\000\051}{subsection.4.9.1}% 134
\BOOKMARK [3][-]{subsubsection.4.9.1.13}{\376\377\0004\000.\0009\000.\0001\000.\0001\0003\000\040\000s\000o\000r\000t\000e\000i\000o\000T\000u\000r\000n\000o\000\050\000\051}{subsection.4.9.1}% 135
\BOOKMARK [2][-]{subsection.4.9.2}{\376\377\0004\000.\0009\000.\0002\000\040\000A\000t\000r\000i\000b\000u\000t\000o\000s}{section.4.9}% 136
\BOOKMARK [3][-]{subsubsection.4.9.2.1}{\376\377\0004\000.\0009\000.\0002\000.\0001\000\040\000t\000a\000b\000u\000l\000e\000i\000r\000o}{subsection.4.9.2}% 137
\BOOKMARK [1][-]{section.4.10}{\376\377\0004\000.\0001\0000\000\040\000R\000e\000f\000e\000r\000\352\000n\000c\000i\000a\000\040\000d\000a\000\040\000C\000l\000a\000s\000s\000e\000\040\000L\000i\000g\0004}{chapter.4}% 138
\BOOKMARK [2][-]{subsection.4.10.1}{\376\377\0004\000.\0001\0000\000.\0001\000\040\000C\000o\000n\000s\000t\000r\000u\000t\000o\000r\000e\000s\000\040\000e\000\040\000D\000e\000s\000t\000r\000u\000t\000o\000r\000e\000s}{section.4.10}% 139
\BOOKMARK [3][-]{subsubsection.4.10.1.1}{\376\377\0004\000.\0001\0000\000.\0001\000.\0001\000\040\000L\000i\000g\0004\000\050\000\051\000\040\000[\0001\000/\0002\000]}{subsection.4.10.1}% 140
\BOOKMARK [3][-]{subsubsection.4.10.1.2}{\376\377\0004\000.\0001\0000\000.\0001\000.\0002\000\040\000L\000i\000g\0004\000\050\000\051\000\040\000[\0002\000/\0002\000]}{subsection.4.10.1}% 141
\BOOKMARK [2][-]{subsection.4.10.2}{\376\377\0004\000.\0001\0000\000.\0002\000\040\000D\000o\000c\000u\000m\000e\000n\000t\000a\000\347\000\343\000o\000\040\000d\000a\000s\000\040\000f\000u\000n\000\347\000\365\000e\000s}{section.4.10}% 142
\BOOKMARK [3][-]{subsubsection.4.10.2.1}{\376\377\0004\000.\0001\0000\000.\0002\000.\0001\000\040\000a\000n\000u\000n\000c\000i\000a\000r\000I\000n\000i\000c\000i\000o\000P\000a\000r\000t\000i\000d\000a\000\050\000\051}{subsection.4.10.2}% 143
\BOOKMARK [3][-]{subsubsection.4.10.2.2}{\376\377\0004\000.\0001\0000\000.\0002\000.\0002\000\040\000c\000h\000e\000c\000a\000r\000C\000o\000l\000u\000n\000a\000s\000\050\000\051}{subsection.4.10.2}% 144
\BOOKMARK [3][-]{subsubsection.4.10.2.3}{\376\377\0004\000.\0001\0000\000.\0002\000.\0003\000\040\000c\000h\000e\000c\000a\000r\000D\000i\000a\000g\000o\000n\000a\000l\000\050\000\051}{subsection.4.10.2}% 145
\BOOKMARK [3][-]{subsubsection.4.10.2.4}{\376\377\0004\000.\0001\0000\000.\0002\000.\0004\000\040\000c\000h\000e\000c\000a\000r\000E\000m\000p\000a\000t\000e\000\050\000\051}{subsection.4.10.2}% 146
\BOOKMARK [3][-]{subsubsection.4.10.2.5}{\376\377\0004\000.\0001\0000\000.\0002\000.\0005\000\040\000c\000h\000e\000c\000a\000r\000L\000i\000n\000h\000a\000s\000\050\000\051}{subsection.4.10.2}% 147
\BOOKMARK [3][-]{subsubsection.4.10.2.6}{\376\377\0004\000.\0001\0000\000.\0002\000.\0006\000\040\000c\000h\000e\000c\000a\000r\000V\000e\000n\000c\000e\000d\000o\000r\000\050\000\051}{subsection.4.10.2}% 148
\BOOKMARK [3][-]{subsubsection.4.10.2.7}{\376\377\0004\000.\0001\0000\000.\0002\000.\0007\000\040\000l\000e\000r\000J\000o\000g\000a\000d\000a\000\050\000\051}{subsection.4.10.2}% 149
\BOOKMARK [2][-]{subsection.4.10.3}{\376\377\0004\000.\0001\0000\000.\0003\000\040\000D\000o\000c\000u\000m\000e\000n\000t\000a\000\347\000\343\000o\000\040\000d\000o\000s\000\040\000s\000\355\000m\000b\000o\000l\000o\000s\000\040\000a\000m\000i\000g\000o\000s\000\040\000e\000\040\000r\000e\000l\000a\000c\000i\000o\000n\000a\000d\000o\000s}{section.4.10}% 150
\BOOKMARK [3][-]{subsubsection.4.10.3.1}{\376\377\0004\000.\0001\0000\000.\0003\000.\0001\000\040\000L\000i\000g\0004\000T\000e\000s\000t\000e\000s}{subsection.4.10.3}% 151
\BOOKMARK [1][-]{section.4.11}{\376\377\0004\000.\0001\0001\000\040\000R\000e\000f\000e\000r\000\352\000n\000c\000i\000a\000\040\000d\000a\000\040\000C\000l\000a\000s\000s\000e\000\040\000R\000e\000v\000e\000r\000s\000i}{chapter.4}% 152
\BOOKMARK [2][-]{subsection.4.11.1}{\376\377\0004\000.\0001\0001\000.\0001\000\040\000C\000o\000n\000s\000t\000r\000u\000t\000o\000r\000e\000s\000\040\000e\000\040\000D\000e\000s\000t\000r\000u\000t\000o\000r\000e\000s}{section.4.11}% 153
\BOOKMARK [3][-]{subsubsection.4.11.1.1}{\376\377\0004\000.\0001\0001\000.\0001\000.\0001\000\040\000R\000e\000v\000e\000r\000s\000i\000\050\000\051\000\040\000[\0001\000/\0002\000]}{subsection.4.11.1}% 154
\BOOKMARK [3][-]{subsubsection.4.11.1.2}{\376\377\0004\000.\0001\0001\000.\0001\000.\0002\000\040\000R\000e\000v\000e\000r\000s\000i\000\050\000\051\000\040\000[\0002\000/\0002\000]}{subsection.4.11.1}% 155
\BOOKMARK [2][-]{subsection.4.11.2}{\376\377\0004\000.\0001\0001\000.\0002\000\040\000D\000o\000c\000u\000m\000e\000n\000t\000a\000\347\000\343\000o\000\040\000d\000a\000s\000\040\000f\000u\000n\000\347\000\365\000e\000s}{section.4.11}% 156
\BOOKMARK [3][-]{subsubsection.4.11.2.1}{\376\377\0004\000.\0001\0001\000.\0002\000.\0001\000\040\000a\000n\000u\000n\000c\000i\000a\000r\000I\000n\000i\000c\000i\000o\000P\000a\000r\000t\000i\000d\000a\000\050\000\051}{subsection.4.11.2}% 157
\BOOKMARK [3][-]{subsubsection.4.11.2.2}{\376\377\0004\000.\0001\0001\000.\0002\000.\0002\000\040\000c\000h\000e\000c\000a\000r\000E\000m\000p\000a\000t\000e\000\050\000\051}{subsection.4.11.2}% 158
\BOOKMARK [3][-]{subsubsection.4.11.2.3}{\376\377\0004\000.\0001\0001\000.\0002\000.\0003\000\040\000c\000h\000e\000c\000a\000r\000V\000e\000n\000c\000e\000d\000o\000r\000\050\000\051\000\040\000[\0001\000/\0002\000]}{subsection.4.11.2}% 159
\BOOKMARK [3][-]{subsubsection.4.11.2.4}{\376\377\0004\000.\0001\0001\000.\0002\000.\0004\000\040\000c\000h\000e\000c\000a\000r\000V\000e\000n\000c\000e\000d\000o\000r\000\050\000\051\000\040\000[\0002\000/\0002\000]}{subsection.4.11.2}% 160
\BOOKMARK [3][-]{subsubsection.4.11.2.5}{\376\377\0004\000.\0001\0001\000.\0002\000.\0005\000\040\000h\000a\000M\000o\000v\000i\000m\000e\000n\000t\000o\000s\000D\000i\000s\000p\000o\000n\000i\000v\000e\000i\000s\000\050\000\051}{subsection.4.11.2}% 161
\BOOKMARK [3][-]{subsubsection.4.11.2.6}{\376\377\0004\000.\0001\0001\000.\0002\000.\0006\000\040\000J\000o\000g\000a\000r\000\050\000\051}{subsection.4.11.2}% 162
\BOOKMARK [3][-]{subsubsection.4.11.2.7}{\376\377\0004\000.\0001\0001\000.\0002\000.\0007\000\040\000l\000e\000r\000J\000o\000g\000a\000d\000a\000\050\000\051}{subsection.4.11.2}% 163
\BOOKMARK [3][-]{subsubsection.4.11.2.8}{\376\377\0004\000.\0001\0001\000.\0002\000.\0008\000\040\000l\000i\000m\000p\000a\000r\000T\000a\000b\000u\000l\000e\000i\000r\000o\000\050\000\051}{subsection.4.11.2}% 164
\BOOKMARK [3][-]{subsubsection.4.11.2.9}{\376\377\0004\000.\0001\0001\000.\0002\000.\0009\000\040\000m\000a\000r\000c\000a\000r\000T\000a\000b\000u\000l\000e\000i\000r\000o\000\050\000\051}{subsection.4.11.2}% 165
\BOOKMARK [3][-]{subsubsection.4.11.2.10}{\376\377\0004\000.\0001\0001\000.\0002\000.\0001\0000\000\040\000m\000o\000v\000i\000m\000e\000n\000t\000o\000V\000a\000l\000i\000d\000o\000\050\000\051}{subsection.4.11.2}% 166
\BOOKMARK [2][-]{subsection.4.11.3}{\376\377\0004\000.\0001\0001\000.\0003\000\040\000A\000t\000r\000i\000b\000u\000t\000o\000s}{section.4.11}% 167
\BOOKMARK [3][-]{subsubsection.4.11.3.1}{\376\377\0004\000.\0001\0001\000.\0003\000.\0001\000\040\000C\000o\000n\000t\000a\000d\000o\000r\000T\000u\000r\000n\000o\000s}{subsection.4.11.3}% 168
\BOOKMARK [3][-]{subsubsection.4.11.3.2}{\376\377\0004\000.\0001\0001\000.\0003\000.\0002\000\040\000J\000o\000g\000a\000d\000o\000r\000O}{subsection.4.11.3}% 169
\BOOKMARK [3][-]{subsubsection.4.11.3.3}{\376\377\0004\000.\0001\0001\000.\0003\000.\0003\000\040\000J\000o\000g\000a\000d\000o\000r\000X}{subsection.4.11.3}% 170
\BOOKMARK [0][-]{chapter.5}{\376\377\0005\000\040\000A\000r\000q\000u\000i\000v\000o\000s}{}% 171
\BOOKMARK [1][-]{section.5.1}{\376\377\0005\000.\0001\000\040\000R\000e\000f\000e\000r\000\352\000n\000c\000i\000a\000\040\000d\000o\000\040\000A\000r\000q\000u\000i\000v\000o\000\040\000i\000n\000c\000l\000u\000d\000e\000/\000B\000a\000t\000a\000l\000h\000a\000N\000a\000v\000a\000l\000.\000h\000p\000p}{chapter.5}% 172
\BOOKMARK [1][-]{section.5.2}{\376\377\0005\000.\0002\000\040\000B\000a\000t\000a\000l\000h\000a\000N\000a\000v\000a\000l\000.\000h\000p\000p}{chapter.5}% 173
\BOOKMARK [1][-]{section.5.3}{\376\377\0005\000.\0003\000\040\000R\000e\000f\000e\000r\000\352\000n\000c\000i\000a\000\040\000d\000o\000\040\000A\000r\000q\000u\000i\000v\000o\000\040\000i\000n\000c\000l\000u\000d\000e\000/\000C\000e\000n\000t\000r\000a\000l\000D\000e\000J\000o\000g\000o\000s\000.\000h\000p\000p}{chapter.5}% 174
\BOOKMARK [2][-]{subsection.5.3.1}{\376\377\0005\000.\0003\000.\0001\000\040\000D\000e\000s\000c\000r\000i\000\347\000\343\000o\000\040\000d\000e\000t\000a\000l\000h\000a\000d\000a}{section.5.3}% 175
\BOOKMARK [3][-]{subsubsection.5.3.1.1}{\376\377\0005\000.\0003\000.\0001\000.\0001\000\040\000F\000u\000n\000c\000i\000o\000n\000a\000l\000i\000d\000a\000d\000e\000s\000\040\000P\000r\000i\000n\000c\000i\000p\000a\000i\000s\000:}{subsection.5.3.1}% 176
\BOOKMARK [3][-]{subsubsection.5.3.1.2}{\376\377\0005\000.\0003\000.\0001\000.\0002\000\040\000I\000n\000t\000e\000g\000r\000a\000\347\000\343\000o\000\040\000c\000o\000m\000\040\000O\000u\000t\000r\000a\000s\000\040\000C\000l\000a\000s\000s\000e\000s\000:}{subsection.5.3.1}% 177
\BOOKMARK [3][-]{subsubsection.5.3.1.3}{\376\377\0005\000.\0003\000.\0001\000.\0003\000\040\000E\000x\000e\000m\000p\000l\000o\000\040\000d\000e\000\040\000U\000s\000o\000:}{subsection.5.3.1}% 178
\BOOKMARK [1][-]{section.5.4}{\376\377\0005\000.\0004\000\040\000C\000e\000n\000t\000r\000a\000l\000D\000e\000J\000o\000g\000o\000s\000.\000h\000p\000p}{chapter.5}% 179
\BOOKMARK [1][-]{section.5.5}{\376\377\0005\000.\0005\000\040\000R\000e\000f\000e\000r\000\352\000n\000c\000i\000a\000\040\000d\000o\000\040\000A\000r\000q\000u\000i\000v\000o\000\040\000i\000n\000c\000l\000u\000d\000e\000/\000E\000s\000t\000a\000t\000i\000s\000t\000i\000c\000a\000s\000.\000h\000p\000p}{chapter.5}% 180
\BOOKMARK [2][-]{subsection.5.5.1}{\376\377\0005\000.\0005\000.\0001\000\040\000D\000e\000s\000c\000r\000i\000\347\000\343\000o\000\040\000d\000e\000t\000a\000l\000h\000a\000d\000a}{section.5.5}% 181
\BOOKMARK [3][-]{subsubsection.5.5.1.1}{\376\377\0005\000.\0005\000.\0001\000.\0001\000\040\000A\000t\000r\000i\000b\000u\000t\000o\000s\000:}{subsection.5.5.1}% 182
\BOOKMARK [3][-]{subsubsection.5.5.1.2}{\376\377\0005\000.\0005\000.\0001\000.\0002\000\040\000F\000u\000n\000c\000i\000o\000n\000a\000l\000i\000d\000a\000d\000e\000s\000\040\000P\000r\000i\000n\000c\000i\000p\000a\000i\000s\000:}{subsection.5.5.1}% 183
\BOOKMARK [1][-]{section.5.6}{\376\377\0005\000.\0006\000\040\000E\000s\000t\000a\000t\000i\000s\000t\000i\000c\000a\000s\000.\000h\000p\000p}{chapter.5}% 184
\BOOKMARK [1][-]{section.5.7}{\376\377\0005\000.\0007\000\040\000R\000e\000f\000e\000r\000\352\000n\000c\000i\000a\000\040\000d\000o\000\040\000A\000r\000q\000u\000i\000v\000o\000\040\000i\000n\000c\000l\000u\000d\000e\000/\000J\000o\000g\000a\000d\000o\000r\000.\000h\000p\000p}{chapter.5}% 185
\BOOKMARK [2][-]{subsection.5.7.1}{\376\377\0005\000.\0007\000.\0001\000\040\000D\000e\000s\000c\000r\000i\000\347\000\343\000o\000\040\000d\000e\000t\000a\000l\000h\000a\000d\000a}{section.5.7}% 186
\BOOKMARK [3][-]{subsubsection.5.7.1.1}{\376\377\0005\000.\0007\000.\0001\000.\0001\000\040\000A\000t\000r\000i\000b\000u\000t\000o\000s\000:}{subsection.5.7.1}% 187
\BOOKMARK [3][-]{subsubsection.5.7.1.2}{\376\377\0005\000.\0007\000.\0001\000.\0002\000\040\000F\000u\000n\000c\000i\000o\000n\000a\000l\000i\000d\000a\000d\000e\000s\000\040\000P\000r\000i\000n\000c\000i\000p\000a\000i\000s\000:}{subsection.5.7.1}% 188
\BOOKMARK [3][-]{subsubsection.5.7.1.3}{\376\377\0005\000.\0007\000.\0001\000.\0003\000\040\000I\000n\000t\000e\000g\000r\000a\000\347\000\343\000o\000\040\000c\000o\000m\000\040\000O\000u\000t\000r\000a\000s\000\040\000C\000l\000a\000s\000s\000e\000s\000:}{subsection.5.7.1}% 189
\BOOKMARK [1][-]{section.5.8}{\376\377\0005\000.\0008\000\040\000J\000o\000g\000a\000d\000o\000r\000.\000h\000p\000p}{chapter.5}% 190
\BOOKMARK [1][-]{section.5.9}{\376\377\0005\000.\0009\000\040\000R\000e\000f\000e\000r\000\352\000n\000c\000i\000a\000\040\000d\000o\000\040\000A\000r\000q\000u\000i\000v\000o\000\040\000i\000n\000c\000l\000u\000d\000e\000/\000J\000o\000g\000o\000D\000a\000V\000e\000l\000h\000a\000.\000h\000p\000p}{chapter.5}% 191
\BOOKMARK [2][-]{subsection.5.9.1}{\376\377\0005\000.\0009\000.\0001\000\040\000D\000e\000s\000c\000r\000i\000\347\000\343\000o\000\040\000d\000e\000t\000a\000l\000h\000a\000d\000a}{section.5.9}% 192
\BOOKMARK [3][-]{subsubsection.5.9.1.1}{\376\377\0005\000.\0009\000.\0001\000.\0001\000\040\000F\000u\000n\000c\000i\000o\000n\000a\000l\000i\000d\000a\000d\000e\000s\000\040\000P\000r\000i\000n\000c\000i\000p\000a\000i\000s\000:}{subsection.5.9.1}% 193
\BOOKMARK [3][-]{subsubsection.5.9.1.2}{\376\377\0005\000.\0009\000.\0001\000.\0002\000\040\000I\000n\000t\000e\000g\000r\000a\000\347\000\343\000o\000\040\000c\000o\000m\000\040\000O\000u\000t\000r\000a\000s\000\040\000C\000l\000a\000s\000s\000e\000s\000:}{subsection.5.9.1}% 194
\BOOKMARK [1][-]{section.5.10}{\376\377\0005\000.\0001\0000\000\040\000J\000o\000g\000o\000D\000a\000V\000e\000l\000h\000a\000.\000h\000p\000p}{chapter.5}% 195
\BOOKMARK [1][-]{section.5.11}{\376\377\0005\000.\0001\0001\000\040\000R\000e\000f\000e\000r\000\352\000n\000c\000i\000a\000\040\000d\000o\000\040\000A\000r\000q\000u\000i\000v\000o\000\040\000i\000n\000c\000l\000u\000d\000e\000/\000J\000o\000g\000o\000D\000a\000V\000e\000l\000h\000a\000A\000i\000.\000h\000p\000p}{chapter.5}% 196
\BOOKMARK [2][-]{subsection.5.11.1}{\376\377\0005\000.\0001\0001\000.\0001\000\040\000V\000a\000r\000i\000\341\000v\000e\000i\000s}{section.5.11}% 197
\BOOKMARK [3][-]{subsubsection.5.11.1.1}{\376\377\0005\000.\0001\0001\000.\0001\000.\0001\000\040\000J\000O\000G\000A\000D\000O\000R\000\137\000O}{subsection.5.11.1}% 198
\BOOKMARK [3][-]{subsubsection.5.11.1.2}{\376\377\0005\000.\0001\0001\000.\0001\000.\0002\000\040\000J\000O\000G\000A\000D\000O\000R\000\137\000X}{subsection.5.11.1}% 199
\BOOKMARK [3][-]{subsubsection.5.11.1.3}{\376\377\0005\000.\0001\0001\000.\0001\000.\0003\000\040\000T\000A\000B\000U\000L\000E\000I\000R\000O\000\137\000S\000I\000Z\000E}{subsection.5.11.1}% 200
\BOOKMARK [3][-]{subsubsection.5.11.1.4}{\376\377\0005\000.\0001\0001\000.\0001\000.\0004\000\040\000V\000A\000Z\000I\000O}{subsection.5.11.1}% 201
\BOOKMARK [1][-]{section.5.12}{\376\377\0005\000.\0001\0002\000\040\000J\000o\000g\000o\000D\000a\000V\000e\000l\000h\000a\000A\000i\000.\000h\000p\000p}{chapter.5}% 202
\BOOKMARK [1][-]{section.5.13}{\376\377\0005\000.\0001\0003\000\040\000R\000e\000f\000e\000r\000\352\000n\000c\000i\000a\000\040\000d\000o\000\040\000A\000r\000q\000u\000i\000v\000o\000\040\000i\000n\000c\000l\000u\000d\000e\000/\000J\000o\000g\000o\000s\000.\000h\000p\000p}{chapter.5}% 203
\BOOKMARK [2][-]{subsection.5.13.1}{\376\377\0005\000.\0001\0003\000.\0001\000\040\000D\000e\000s\000c\000r\000i\000\347\000\343\000o\000\040\000d\000e\000t\000a\000l\000h\000a\000d\000a}{section.5.13}% 204
\BOOKMARK [3][-]{subsubsection.5.13.1.1}{\376\377\0005\000.\0001\0003\000.\0001\000.\0001\000\040\000F\000u\000n\000c\000i\000o\000n\000a\000l\000i\000d\000a\000d\000e\000s\000\040\000P\000r\000i\000n\000c\000i\000p\000a\000i\000s\000:}{subsection.5.13.1}% 205
\BOOKMARK [3][-]{subsubsection.5.13.1.2}{\376\377\0005\000.\0001\0003\000.\0001\000.\0002\000\040\000M\000\351\000t\000o\000d\000o\000s\000\040\000V\000i\000r\000t\000u\000a\000i\000s\000\040\000P\000u\000r\000o\000s\000:}{subsection.5.13.1}% 206
\BOOKMARK [3][-]{subsubsection.5.13.1.3}{\376\377\0005\000.\0001\0003\000.\0001\000.\0003\000\040\000M\000\351\000t\000o\000d\000o\000s\000\040\000V\000i\000r\000t\000u\000a\000i\000s\000:}{subsection.5.13.1}% 207
\BOOKMARK [3][-]{subsubsection.5.13.1.4}{\376\377\0005\000.\0001\0003\000.\0001\000.\0004\000\040\000M\000\351\000t\000o\000d\000o\000s\000\040\000P\000\372\000b\000l\000i\000c\000o\000s\000:}{subsection.5.13.1}% 208
\BOOKMARK [3][-]{subsubsection.5.13.1.5}{\376\377\0005\000.\0001\0003\000.\0001\000.\0005\000\040\000I\000n\000t\000e\000g\000r\000a\000\347\000\343\000o\000\040\000c\000o\000m\000\040\000O\000u\000t\000r\000a\000s\000\040\000C\000l\000a\000s\000s\000e\000s\000:}{subsection.5.13.1}% 209
\BOOKMARK [1][-]{section.5.14}{\376\377\0005\000.\0001\0004\000\040\000J\000o\000g\000o\000s\000.\000h\000p\000p}{chapter.5}% 210
\BOOKMARK [1][-]{section.5.15}{\376\377\0005\000.\0001\0005\000\040\000R\000e\000f\000e\000r\000\352\000n\000c\000i\000a\000\040\000d\000o\000\040\000A\000r\000q\000u\000i\000v\000o\000\040\000i\000n\000c\000l\000u\000d\000e\000/\000L\000i\000g\0004\000.\000h\000p\000p}{chapter.5}% 211
\BOOKMARK [2][-]{subsection.5.15.1}{\376\377\0005\000.\0001\0005\000.\0001\000\040\000D\000e\000s\000c\000r\000i\000\347\000\343\000o\000\040\000d\000e\000t\000a\000l\000h\000a\000d\000a}{section.5.15}% 212
\BOOKMARK [3][-]{subsubsection.5.15.1.1}{\376\377\0005\000.\0001\0005\000.\0001\000.\0001\000\040\000F\000u\000n\000c\000i\000o\000n\000a\000l\000i\000d\000a\000d\000e\000s\000\040\000P\000r\000i\000n\000c\000i\000p\000a\000i\000s\000:}{subsection.5.15.1}% 213
\BOOKMARK [3][-]{subsubsection.5.15.1.2}{\376\377\0005\000.\0001\0005\000.\0001\000.\0002\000\040\000M\000\351\000t\000o\000d\000o\000s\000\040\000S\000o\000b\000r\000e\000s\000c\000r\000i\000t\000o\000s\000:}{subsection.5.15.1}% 214
\BOOKMARK [3][-]{subsubsection.5.15.1.3}{\376\377\0005\000.\0001\0005\000.\0001\000.\0003\000\040\000M\000\351\000t\000o\000d\000o\000s\000\040\000A\000d\000i\000c\000i\000o\000n\000a\000i\000s\000:}{subsection.5.15.1}% 215
\BOOKMARK [3][-]{subsubsection.5.15.1.4}{\376\377\0005\000.\0001\0005\000.\0001\000.\0004\000\040\000I\000n\000t\000e\000g\000r\000a\000\347\000\343\000o\000\040\000c\000o\000m\000\040\000O\000u\000t\000r\000a\000s\000\040\000C\000l\000a\000s\000s\000e\000s\000:}{subsection.5.15.1}% 216
\BOOKMARK [1][-]{section.5.16}{\376\377\0005\000.\0001\0006\000\040\000L\000i\000g\0004\000.\000h\000p\000p}{chapter.5}% 217
\BOOKMARK [1][-]{section.5.17}{\376\377\0005\000.\0001\0007\000\040\000R\000e\000f\000e\000r\000\352\000n\000c\000i\000a\000\040\000d\000o\000\040\000A\000r\000q\000u\000i\000v\000o\000\040\000i\000n\000c\000l\000u\000d\000e\000/\000R\000e\000v\000e\000r\000s\000i\000.\000h\000p\000p}{chapter.5}% 218
\BOOKMARK [2][-]{subsection.5.17.1}{\376\377\0005\000.\0001\0007\000.\0001\000\040\000D\000e\000s\000c\000r\000i\000\347\000\343\000o\000\040\000d\000e\000t\000a\000l\000h\000a\000d\000a}{section.5.17}% 219
\BOOKMARK [1][-]{section.5.18}{\376\377\0005\000.\0001\0008\000\040\000R\000e\000v\000e\000r\000s\000i\000.\000h\000p\000p}{chapter.5}% 220
\BOOKMARK [1][-]{section.5.19}{\376\377\0005\000.\0001\0009\000\040\000R\000e\000f\000e\000r\000\352\000n\000c\000i\000a\000\040\000d\000o\000\040\000A\000r\000q\000u\000i\000v\000o\000\040\000s\000r\000c\000/\000B\000a\000t\000a\000l\000h\000a\000N\000a\000v\000a\000l\000.\000c\000p\000p}{chapter.5}% 221
\BOOKMARK [1][-]{section.5.20}{\376\377\0005\000.\0002\0000\000\040\000R\000e\000f\000e\000r\000\352\000n\000c\000i\000a\000\040\000d\000o\000\040\000A\000r\000q\000u\000i\000v\000o\000\040\000s\000r\000c\000/\000C\000e\000n\000t\000r\000a\000l\000D\000e\000J\000o\000g\000o\000s\000.\000c\000p\000p}{chapter.5}% 222
\BOOKMARK [1][-]{section.5.21}{\376\377\0005\000.\0002\0001\000\040\000R\000e\000f\000e\000r\000\352\000n\000c\000i\000a\000\040\000d\000o\000\040\000A\000r\000q\000u\000i\000v\000o\000\040\000s\000r\000c\000/\000E\000s\000t\000a\000t\000i\000s\000t\000i\000c\000a\000s\000.\000c\000p\000p}{chapter.5}% 223
\BOOKMARK [2][-]{subsection.5.21.1}{\376\377\0005\000.\0002\0001\000.\0001\000\040\000D\000e\000s\000c\000r\000i\000\347\000\343\000o\000\040\000d\000e\000t\000a\000l\000h\000a\000d\000a}{section.5.21}% 224
\BOOKMARK [1][-]{section.5.22}{\376\377\0005\000.\0002\0002\000\040\000R\000e\000f\000e\000r\000\352\000n\000c\000i\000a\000\040\000d\000o\000\040\000A\000r\000q\000u\000i\000v\000o\000\040\000s\000r\000c\000/\000J\000o\000g\000a\000d\000o\000r\000.\000c\000p\000p}{chapter.5}% 225
\BOOKMARK [2][-]{subsection.5.22.1}{\376\377\0005\000.\0002\0002\000.\0001\000\040\000D\000e\000s\000c\000r\000i\000\347\000\343\000o\000\040\000d\000e\000t\000a\000l\000h\000a\000d\000a}{section.5.22}% 226
\BOOKMARK [1][-]{section.5.23}{\376\377\0005\000.\0002\0003\000\040\000R\000e\000f\000e\000r\000\352\000n\000c\000i\000a\000\040\000d\000o\000\040\000A\000r\000q\000u\000i\000v\000o\000\040\000s\000r\000c\000/\000J\000o\000g\000o\000D\000a\000V\000e\000l\000h\000a\000.\000c\000p\000p}{chapter.5}% 227
\BOOKMARK [2][-]{subsection.5.23.1}{\376\377\0005\000.\0002\0003\000.\0001\000\040\000D\000e\000s\000c\000r\000i\000\347\000\343\000o\000\040\000d\000e\000t\000a\000l\000h\000a\000d\000a}{section.5.23}% 228
\BOOKMARK [1][-]{section.5.24}{\376\377\0005\000.\0002\0004\000\040\000R\000e\000f\000e\000r\000\352\000n\000c\000i\000a\000\040\000d\000o\000\040\000A\000r\000q\000u\000i\000v\000o\000\040\000s\000r\000c\000/\000J\000o\000g\000o\000D\000a\000V\000e\000l\000h\000a\000A\000i\000.\000c\000p\000p}{chapter.5}% 229
\BOOKMARK [2][-]{subsection.5.24.1}{\376\377\0005\000.\0002\0004\000.\0001\000\040\000D\000e\000s\000c\000r\000i\000\347\000\343\000o\000\040\000d\000e\000t\000a\000l\000h\000a\000d\000a}{section.5.24}% 230
\BOOKMARK [1][-]{section.5.25}{\376\377\0005\000.\0002\0005\000\040\000R\000e\000f\000e\000r\000\352\000n\000c\000i\000a\000\040\000d\000o\000\040\000A\000r\000q\000u\000i\000v\000o\000\040\000s\000r\000c\000/\000J\000o\000g\000o\000s\000.\000c\000p\000p}{chapter.5}% 231
\BOOKMARK [2][-]{subsection.5.25.1}{\376\377\0005\000.\0002\0005\000.\0001\000\040\000D\000e\000s\000c\000r\000i\000\347\000\343\000o\000\040\000d\000e\000t\000a\000l\000h\000a\000d\000a}{section.5.25}% 232
\BOOKMARK [1][-]{section.5.26}{\376\377\0005\000.\0002\0006\000\040\000R\000e\000f\000e\000r\000\352\000n\000c\000i\000a\000\040\000d\000o\000\040\000A\000r\000q\000u\000i\000v\000o\000\040\000s\000r\000c\000/\000L\000i\000g\0004\000.\000c\000p\000p}{chapter.5}% 233
\BOOKMARK [2][-]{subsection.5.26.1}{\376\377\0005\000.\0002\0006\000.\0001\000\040\000D\000e\000s\000c\000r\000i\000\347\000\343\000o\000\040\000d\000e\000t\000a\000l\000h\000a\000d\000a}{section.5.26}% 234
\BOOKMARK [1][-]{section.5.27}{\376\377\0005\000.\0002\0007\000\040\000R\000e\000f\000e\000r\000\352\000n\000c\000i\000a\000\040\000d\000o\000\040\000A\000r\000q\000u\000i\000v\000o\000\040\000s\000r\000c\000/\000m\000a\000i\000n\000.\000c\000p\000p}{chapter.5}% 235
\BOOKMARK [2][-]{subsection.5.27.1}{\376\377\0005\000.\0002\0007\000.\0001\000\040\000D\000e\000s\000c\000r\000i\000\347\000\343\000o\000\040\000d\000e\000t\000a\000l\000h\000a\000d\000a}{section.5.27}% 236
\BOOKMARK [3][-]{subsubsection.5.27.1.1}{\376\377\0005\000.\0002\0007\000.\0001\000.\0001\000\040\000F\000l\000u\000x\000o\000\040\000d\000o\000\040\000P\000r\000o\000g\000r\000a\000m\000a\000:}{subsection.5.27.1}% 237
\BOOKMARK [3][-]{subsubsection.5.27.1.2}{\376\377\0005\000.\0002\0007\000.\0001\000.\0002\000\040\000D\000e\000p\000e\000n\000d\000\352\000n\000c\000i\000a\000s\000:}{subsection.5.27.1}% 238
\BOOKMARK [2][-]{subsection.5.27.2}{\376\377\0005\000.\0002\0007\000.\0002\000\040\000F\000u\000n\000\347\000\365\000e\000s}{section.5.27}% 239
\BOOKMARK [3][-]{subsubsection.5.27.2.1}{\376\377\0005\000.\0002\0007\000.\0002\000.\0001\000\040\000e\000x\000i\000b\000i\000r\000M\000e\000n\000u\000\050\000\051}{subsection.5.27.2}% 240
\BOOKMARK [3][-]{subsubsection.5.27.2.2}{\376\377\0005\000.\0002\0007\000.\0002\000.\0002\000\040\000m\000a\000i\000n\000\050\000\051}{subsection.5.27.2}% 241
\BOOKMARK [3][-]{subsubsection.5.27.2.3}{\376\377\0005\000.\0002\0007\000.\0002\000.\0003\000\040\000v\000a\000l\000i\000d\000a\000r\000E\000n\000t\000r\000a\000d\000a\000\050\000\051}{subsection.5.27.2}% 242
\BOOKMARK [1][-]{section.5.28}{\376\377\0005\000.\0002\0008\000\040\000R\000e\000f\000e\000r\000\352\000n\000c\000i\000a\000\040\000d\000o\000\040\000A\000r\000q\000u\000i\000v\000o\000\040\000s\000r\000c\000/\000R\000e\000v\000e\000r\000s\000i\000.\000c\000p\000p}{chapter.5}% 243
\BOOKMARK [0][-]{section*.59}{\376\377\000\315\000n\000d\000i\000c\000e\000\040\000R\000e\000m\000i\000s\000s\000i\000v\000o}{}% 244
