\BOOKMARK [0][-]{chapter.1}{\376\377\0001\000\040\000U\000I}{}% 1
\BOOKMARK [1][-]{section.1.1}{\376\377\0001\000.\0001\000\040\000O\000b\000j\000e\000t\000i\000v\000o}{chapter.1}% 2
\BOOKMARK [1][-]{section.1.2}{\376\377\0001\000.\0002\000\040\000S\000o\000l\000u\000\347\000\343\000o}{chapter.1}% 3
\BOOKMARK [2][-]{subsection.1.2.1}{\376\377\0001\000.\0002\000.\0001\000\040\000O\000\040\000w\000o\000r\000f\000l\000o\000w\000\040\000R\000E\000A\000C\000T}{section.1.2}% 4
\BOOKMARK [2][-]{subsection.1.2.2}{\376\377\0001\000.\0002\000.\0002\000\040\000T\000e\000l\000a\000s}{section.1.2}% 5
\BOOKMARK [3][-]{subsubsection.1.2.2.1}{\376\377\0001\000.\0002\000.\0002\000.\0001\000\040\000S\000e\000l\000e\000\347\000\343\000o\000\040\000d\000e\000\040\000j\000o\000g\000a\000d\000o\000r\000e\000s}{subsection.1.2.2}% 6
\BOOKMARK [1][-]{section.1.3}{\376\377\0001\000.\0003\000\040\000C\000o\000m\000o\000\040\000r\000o\000d\000a\000r\000?}{chapter.1}% 7
\BOOKMARK [0][-]{chapter.2}{\376\377\0002\000\040\000\315\000n\000d\000i\000c\000e\000\040\000H\000i\000e\000r\000\341\000r\000q\000u\000i\000c\000o}{}% 8
\BOOKMARK [1][-]{section.2.1}{\376\377\0002\000.\0001\000\040\000H\000i\000e\000r\000a\000r\000q\000u\000i\000a\000\040\000d\000e\000\040\000C\000l\000a\000s\000s\000e\000s}{chapter.2}% 9
\BOOKMARK [0][-]{chapter.3}{\376\377\0003\000\040\000\315\000n\000d\000i\000c\000e\000\040\000d\000o\000s\000\040\000C\000o\000m\000p\000o\000n\000e\000n\000t\000e\000s}{}% 10
\BOOKMARK [1][-]{section.3.1}{\376\377\0003\000.\0001\000\040\000L\000i\000s\000t\000a\000\040\000d\000e\000\040\000C\000l\000a\000s\000s\000e\000s}{chapter.3}% 11
\BOOKMARK [0][-]{chapter.4}{\376\377\0004\000\040\000\315\000n\000d\000i\000c\000e\000\040\000d\000o\000s\000\040\000A\000r\000q\000u\000i\000v\000o\000s}{}% 12
\BOOKMARK [1][-]{section.4.1}{\376\377\0004\000.\0001\000\040\000L\000i\000s\000t\000a\000\040\000d\000e\000\040\000A\000r\000q\000u\000i\000v\000o\000s}{chapter.4}% 13
\BOOKMARK [0][-]{chapter.5}{\376\377\0005\000\040\000C\000l\000a\000s\000s\000e\000s}{}% 14
\BOOKMARK [1][-]{section.5.1}{\376\377\0005\000.\0001\000\040\000R\000e\000f\000e\000r\000\352\000n\000c\000i\000a\000\040\000d\000a\000\040\000C\000l\000a\000s\000s\000e\000\040\000B\000a\000t\000a\000l\000h\000a\000N\000a\000v\000a\000l}{chapter.5}% 15
\BOOKMARK [2][-]{subsection.5.1.1}{\376\377\0005\000.\0001\000.\0001\000\040\000C\000o\000n\000s\000t\000r\000u\000t\000o\000r\000e\000s\000\040\000e\000\040\000D\000e\000s\000t\000r\000u\000t\000o\000r\000e\000s}{section.5.1}% 16
\BOOKMARK [3][-]{subsubsection.5.1.1.1}{\376\377\0005\000.\0001\000.\0001\000.\0001\000\040\000B\000a\000t\000a\000l\000h\000a\000N\000a\000v\000a\000l\000\050\000\051}{subsection.5.1.1}% 17
\BOOKMARK [2][-]{subsection.5.1.2}{\376\377\0005\000.\0001\000.\0002\000\040\000D\000o\000c\000u\000m\000e\000n\000t\000a\000\347\000\343\000o\000\040\000d\000a\000s\000\040\000f\000u\000n\000\347\000\365\000e\000s}{section.5.1}% 18
\BOOKMARK [3][-]{subsubsection.5.1.2.1}{\376\377\0005\000.\0001\000.\0002\000.\0001\000\040\000a\000n\000u\000n\000c\000i\000a\000r\000I\000n\000i\000c\000i\000o\000P\000a\000r\000t\000i\000d\000a\000\050\000\051}{subsection.5.1.2}% 19
\BOOKMARK [3][-]{subsubsection.5.1.2.2}{\376\377\0005\000.\0001\000.\0002\000.\0002\000\040\000c\000h\000e\000c\000a\000r\000E\000m\000p\000a\000t\000e\000\050\000\051}{subsection.5.1.2}% 20
\BOOKMARK [3][-]{subsubsection.5.1.2.3}{\376\377\0005\000.\0001\000.\0002\000.\0003\000\040\000c\000h\000e\000c\000a\000r\000P\000o\000s\000i\000c\000a\000o\000V\000a\000l\000i\000d\000a\000\050\000\051}{subsection.5.1.2}% 21
\BOOKMARK [3][-]{subsubsection.5.1.2.4}{\376\377\0005\000.\0001\000.\0002\000.\0004\000\040\000c\000h\000e\000c\000a\000r\000V\000e\000n\000c\000e\000d\000o\000r\000\050\000\051\000\040\000[\0001\000/\0002\000]}{subsection.5.1.2}% 22
\BOOKMARK [3][-]{subsubsection.5.1.2.5}{\376\377\0005\000.\0001\000.\0002\000.\0005\000\040\000c\000h\000e\000c\000a\000r\000V\000e\000n\000c\000e\000d\000o\000r\000\050\000\051\000\040\000[\0002\000/\0002\000]}{subsection.5.1.2}% 23
\BOOKMARK [3][-]{subsubsection.5.1.2.6}{\376\377\0005\000.\0001\000.\0002\000.\0006\000\040\000i\000n\000s\000e\000r\000i\000r\000B\000a\000r\000c\000o\000s\000\050\000\051}{subsection.5.1.2}% 24
\BOOKMARK [3][-]{subsubsection.5.1.2.7}{\376\377\0005\000.\0001\000.\0002\000.\0007\000\040\000J\000o\000g\000a\000r\000\050\000\051}{subsection.5.1.2}% 25
\BOOKMARK [3][-]{subsubsection.5.1.2.8}{\376\377\0005\000.\0001\000.\0002\000.\0008\000\040\000l\000e\000r\000B\000a\000r\000c\000o\000s\000\050\000\051}{subsection.5.1.2}% 26
\BOOKMARK [3][-]{subsubsection.5.1.2.9}{\376\377\0005\000.\0001\000.\0002\000.\0009\000\040\000l\000e\000r\000J\000o\000g\000a\000d\000a\000\050\000\051}{subsection.5.1.2}% 27
\BOOKMARK [3][-]{subsubsection.5.1.2.10}{\376\377\0005\000.\0001\000.\0002\000.\0001\0000\000\040\000m\000a\000r\000c\000a\000r\000T\000a\000b\000u\000l\000e\000i\000r\000o\000\050\000\051}{subsection.5.1.2}% 28
\BOOKMARK [3][-]{subsubsection.5.1.2.11}{\376\377\0005\000.\0001\000.\0002\000.\0001\0001\000\040\000q\000u\000a\000n\000t\000i\000d\000a\000d\000e\000B\000a\000r\000c\000o\000s\000D\000i\000s\000p\000o\000n\000i\000v\000e\000i\000s\000\050\000\051}{subsection.5.1.2}% 29
\BOOKMARK [3][-]{subsubsection.5.1.2.12}{\376\377\0005\000.\0001\000.\0002\000.\0001\0002\000\040\000v\000e\000r\000i\000f\000i\000c\000a\000r\000E\000n\000t\000r\000a\000d\000a\000\050\000\051}{subsection.5.1.2}% 30
\BOOKMARK [3][-]{subsubsection.5.1.2.13}{\376\377\0005\000.\0001\000.\0002\000.\0001\0003\000\040\000v\000e\000r\000i\000f\000i\000c\000a\000r\000T\000a\000m\000a\000n\000h\000o\000d\000o\000B\000a\000r\000c\000o\000\050\000\051}{subsection.5.1.2}% 31
\BOOKMARK [1][-]{section.5.2}{\376\377\0005\000.\0002\000\040\000R\000e\000f\000e\000r\000\352\000n\000c\000i\000a\000\040\000d\000a\000\040\000C\000l\000a\000s\000s\000e\000\040\000C\000e\000n\000t\000r\000a\000l\000D\000e\000J\000o\000g\000o\000s}{chapter.5}% 32
\BOOKMARK [2][-]{subsection.5.2.1}{\376\377\0005\000.\0002\000.\0001\000\040\000C\000o\000n\000s\000t\000r\000u\000t\000o\000r\000e\000s\000\040\000e\000\040\000D\000e\000s\000t\000r\000u\000t\000o\000r\000e\000s}{section.5.2}% 33
\BOOKMARK [3][-]{subsubsection.5.2.1.1}{\376\377\0005\000.\0002\000.\0001\000.\0001\000\040\000C\000e\000n\000t\000r\000a\000l\000D\000e\000J\000o\000g\000o\000s\000\050\000\051}{subsection.5.2.1}% 34
\BOOKMARK [3][-]{subsubsection.5.2.1.2}{\376\377\0005\000.\0002\000.\0001\000.\0002\000\040\000~\000C\000e\000n\000t\000r\000a\000l\000D\000e\000J\000o\000g\000o\000s\000\050\000\051}{subsection.5.2.1}% 35
\BOOKMARK [2][-]{subsection.5.2.2}{\376\377\0005\000.\0002\000.\0002\000\040\000D\000o\000c\000u\000m\000e\000n\000t\000a\000\347\000\343\000o\000\040\000d\000a\000s\000\040\000f\000u\000n\000\347\000\365\000e\000s}{section.5.2}% 36
\BOOKMARK [3][-]{subsubsection.5.2.2.1}{\376\377\0005\000.\0002\000.\0002\000.\0001\000\040\000b\000u\000s\000c\000a\000r\000J\000o\000g\000a\000d\000o\000r\000\050\000\051}{subsection.5.2.2}% 37
\BOOKMARK [3][-]{subsubsection.5.2.2.2}{\376\377\0005\000.\0002\000.\0002\000.\0002\000\040\000c\000a\000d\000a\000s\000t\000r\000a\000r\000J\000o\000g\000a\000d\000o\000r\000\050\000\051}{subsection.5.2.2}% 38
\BOOKMARK [3][-]{subsubsection.5.2.2.3}{\376\377\0005\000.\0002\000.\0002\000.\0003\000\040\000e\000x\000e\000c\000u\000t\000a\000r\000P\000a\000r\000t\000i\000d\000a\000\050\000\051}{subsection.5.2.2}% 39
\BOOKMARK [3][-]{subsubsection.5.2.2.4}{\376\377\0005\000.\0002\000.\0002\000.\0004\000\040\000l\000i\000s\000t\000a\000r\000J\000o\000g\000a\000d\000o\000r\000e\000s\000\050\000\051}{subsection.5.2.2}% 40
\BOOKMARK [3][-]{subsubsection.5.2.2.5}{\376\377\0005\000.\0002\000.\0002\000.\0005\000\040\000o\000r\000d\000e\000n\000a\000r\000J\000o\000g\000a\000d\000o\000r\000e\000s\000\050\000\051}{subsection.5.2.2}% 41
\BOOKMARK [3][-]{subsubsection.5.2.2.6}{\376\377\0005\000.\0002\000.\0002\000.\0006\000\040\000r\000e\000m\000o\000v\000e\000r\000J\000o\000g\000a\000d\000o\000r\000\050\000\051}{subsection.5.2.2}% 42
\BOOKMARK [3][-]{subsubsection.5.2.2.7}{\376\377\0005\000.\0002\000.\0002\000.\0007\000\040\000v\000a\000l\000i\000d\000a\000r\000E\000n\000t\000r\000a\000d\000a\000\050\000\051}{subsection.5.2.2}% 43
\BOOKMARK [1][-]{section.5.3}{\376\377\0005\000.\0003\000\040\000R\000e\000f\000e\000r\000\352\000n\000c\000i\000a\000\040\000d\000a\000\040\000C\000l\000a\000s\000s\000e\000\040\000E\000s\000t\000a\000t\000i\000s\000t\000i\000c\000a\000s}{chapter.5}% 44
\BOOKMARK [2][-]{subsection.5.3.1}{\376\377\0005\000.\0003\000.\0001\000\040\000C\000o\000n\000s\000t\000r\000u\000t\000o\000r\000e\000s\000\040\000e\000\040\000D\000e\000s\000t\000r\000u\000t\000o\000r\000e\000s}{section.5.3}% 45
\BOOKMARK [3][-]{subsubsection.5.3.1.1}{\376\377\0005\000.\0003\000.\0001\000.\0001\000\040\000E\000s\000t\000a\000t\000i\000s\000t\000i\000c\000a\000s\000\050\000\051\000\040\000[\0001\000/\0002\000]}{subsection.5.3.1}% 46
\BOOKMARK [3][-]{subsubsection.5.3.1.2}{\376\377\0005\000.\0003\000.\0001\000.\0002\000\040\000E\000s\000t\000a\000t\000i\000s\000t\000i\000c\000a\000s\000\050\000\051\000\040\000[\0002\000/\0002\000]}{subsection.5.3.1}% 47
\BOOKMARK [2][-]{subsection.5.3.2}{\376\377\0005\000.\0003\000.\0002\000\040\000D\000o\000c\000u\000m\000e\000n\000t\000a\000\347\000\343\000o\000\040\000d\000a\000s\000\040\000f\000u\000n\000\347\000\365\000e\000s}{section.5.3}% 48
\BOOKMARK [3][-]{subsubsection.5.3.2.1}{\376\377\0005\000.\0003\000.\0002\000.\0001\000\040\000g\000e\000t\000D\000e\000r\000r\000o\000t\000a\000s\000\050\000\051}{subsection.5.3.2}% 49
\BOOKMARK [3][-]{subsubsection.5.3.2.2}{\376\377\0005\000.\0003\000.\0002\000.\0002\000\040\000g\000e\000t\000E\000m\000p\000a\000t\000e\000s\000\050\000\051}{subsection.5.3.2}% 50
\BOOKMARK [3][-]{subsubsection.5.3.2.3}{\376\377\0005\000.\0003\000.\0002\000.\0003\000\040\000g\000e\000t\000H\000i\000s\000t\000o\000r\000i\000c\000o\000\050\000\051}{subsection.5.3.2}% 51
\BOOKMARK [3][-]{subsubsection.5.3.2.4}{\376\377\0005\000.\0003\000.\0002\000.\0004\000\040\000g\000e\000t\000V\000i\000t\000o\000r\000i\000a\000s\000\050\000\051}{subsection.5.3.2}% 52
\BOOKMARK [3][-]{subsubsection.5.3.2.5}{\376\377\0005\000.\0003\000.\0002\000.\0005\000\040\000m\000o\000s\000t\000r\000a\000r\000E\000s\000t\000a\000t\000i\000s\000t\000i\000c\000a\000s\000\050\000\051}{subsection.5.3.2}% 53
\BOOKMARK [3][-]{subsubsection.5.3.2.6}{\376\377\0005\000.\0003\000.\0002\000.\0006\000\040\000r\000e\000g\000i\000s\000t\000r\000a\000r\000D\000e\000r\000r\000o\000t\000a\000\050\000\051}{subsection.5.3.2}% 54
\BOOKMARK [3][-]{subsubsection.5.3.2.7}{\376\377\0005\000.\0003\000.\0002\000.\0007\000\040\000r\000e\000g\000i\000s\000t\000r\000a\000r\000E\000m\000p\000a\000t\000e\000\050\000\051}{subsection.5.3.2}% 55
\BOOKMARK [3][-]{subsubsection.5.3.2.8}{\376\377\0005\000.\0003\000.\0002\000.\0008\000\040\000r\000e\000g\000i\000s\000t\000r\000a\000r\000V\000i\000t\000o\000r\000i\000a\000\050\000\051}{subsection.5.3.2}% 56
\BOOKMARK [1][-]{section.5.4}{\376\377\0005\000.\0004\000\040\000R\000e\000f\000e\000r\000\352\000n\000c\000i\000a\000\040\000d\000a\000\040\000C\000l\000a\000s\000s\000e\000\040\000E\000x\000c\000e\000c\000a\000o\000P\000o\000s\000i\000c\000i\000o\000n\000a\000m\000e\000n\000t\000o\000d\000e\000B\000a\000r\000c\000o}{chapter.5}% 57
\BOOKMARK [2][-]{subsection.5.4.1}{\376\377\0005\000.\0004\000.\0001\000\040\000D\000o\000c\000u\000m\000e\000n\000t\000a\000\347\000\343\000o\000\040\000d\000a\000s\000\040\000f\000u\000n\000\347\000\365\000e\000s}{section.5.4}% 58
\BOOKMARK [3][-]{subsubsection.5.4.1.1}{\376\377\0005\000.\0004\000.\0001\000.\0001\000\040\000w\000h\000a\000t\000\050\000\051}{subsection.5.4.1}% 59
\BOOKMARK [1][-]{section.5.5}{\376\377\0005\000.\0005\000\040\000R\000e\000f\000e\000r\000\352\000n\000c\000i\000a\000\040\000d\000a\000\040\000C\000l\000a\000s\000s\000e\000\040\000E\000x\000c\000e\000c\000a\000o\000T\000i\000p\000o\000d\000e\000B\000a\000r\000c\000o\000I\000n\000v\000a\000l\000i\000d\000o}{chapter.5}% 60
\BOOKMARK [2][-]{subsection.5.5.1}{\376\377\0005\000.\0005\000.\0001\000\040\000D\000o\000c\000u\000m\000e\000n\000t\000a\000\347\000\343\000o\000\040\000d\000a\000s\000\040\000f\000u\000n\000\347\000\365\000e\000s}{section.5.5}% 61
\BOOKMARK [3][-]{subsubsection.5.5.1.1}{\376\377\0005\000.\0005\000.\0001\000.\0001\000\040\000w\000h\000a\000t\000\050\000\051}{subsection.5.5.1}% 62
\BOOKMARK [1][-]{section.5.6}{\376\377\0005\000.\0006\000\040\000R\000e\000f\000e\000r\000\352\000n\000c\000i\000a\000\040\000d\000a\000\040\000C\000l\000a\000s\000s\000e\000\040\000J\000o\000g\000a\000d\000o\000r}{chapter.5}% 63
\BOOKMARK [2][-]{subsection.5.6.1}{\376\377\0005\000.\0006\000.\0001\000\040\000C\000o\000n\000s\000t\000r\000u\000t\000o\000r\000e\000s\000\040\000e\000\040\000D\000e\000s\000t\000r\000u\000t\000o\000r\000e\000s}{section.5.6}% 64
\BOOKMARK [3][-]{subsubsection.5.6.1.1}{\376\377\0005\000.\0006\000.\0001\000.\0001\000\040\000J\000o\000g\000a\000d\000o\000r\000\050\000\051\000\040\000[\0001\000/\0002\000]}{subsection.5.6.1}% 65
\BOOKMARK [3][-]{subsubsection.5.6.1.2}{\376\377\0005\000.\0006\000.\0001\000.\0002\000\040\000J\000o\000g\000a\000d\000o\000r\000\050\000\051\000\040\000[\0002\000/\0002\000]}{subsection.5.6.1}% 66
\BOOKMARK [2][-]{subsection.5.6.2}{\376\377\0005\000.\0006\000.\0002\000\040\000D\000o\000c\000u\000m\000e\000n\000t\000a\000\347\000\343\000o\000\040\000d\000a\000s\000\040\000f\000u\000n\000\347\000\365\000e\000s}{section.5.6}% 67
\BOOKMARK [3][-]{subsubsection.5.6.2.1}{\376\377\0005\000.\0006\000.\0002\000.\0001\000\040\000g\000e\000t\000A\000p\000e\000l\000i\000d\000o\000\050\000\051}{subsection.5.6.2}% 68
\BOOKMARK [3][-]{subsubsection.5.6.2.2}{\376\377\0005\000.\0006\000.\0002\000.\0002\000\040\000g\000e\000t\000D\000e\000r\000r\000o\000t\000a\000s\000\050\000\051}{subsection.5.6.2}% 69
\BOOKMARK [3][-]{subsubsection.5.6.2.3}{\376\377\0005\000.\0006\000.\0002\000.\0003\000\040\000g\000e\000t\000E\000m\000p\000a\000t\000e\000s\000\050\000\051}{subsection.5.6.2}% 70
\BOOKMARK [3][-]{subsubsection.5.6.2.4}{\376\377\0005\000.\0006\000.\0002\000.\0004\000\040\000g\000e\000t\000N\000o\000m\000e\000\050\000\051}{subsection.5.6.2}% 71
\BOOKMARK [3][-]{subsubsection.5.6.2.5}{\376\377\0005\000.\0006\000.\0002\000.\0005\000\040\000g\000e\000t\000V\000i\000t\000o\000r\000i\000a\000s\000\050\000\051}{subsection.5.6.2}% 72
\BOOKMARK [3][-]{subsubsection.5.6.2.6}{\376\377\0005\000.\0006\000.\0002\000.\0006\000\040\000m\000o\000s\000t\000r\000a\000r\000E\000s\000t\000a\000t\000i\000s\000t\000i\000c\000a\000s\000\050\000\051}{subsection.5.6.2}% 73
\BOOKMARK [3][-]{subsubsection.5.6.2.7}{\376\377\0005\000.\0006\000.\0002\000.\0007\000\040\000r\000e\000g\000i\000s\000t\000r\000a\000r\000D\000e\000r\000r\000o\000t\000a\000\050\000\051}{subsection.5.6.2}% 74
\BOOKMARK [3][-]{subsubsection.5.6.2.8}{\376\377\0005\000.\0006\000.\0002\000.\0008\000\040\000r\000e\000g\000i\000s\000t\000r\000a\000r\000E\000m\000p\000a\000t\000e\000\050\000\051}{subsection.5.6.2}% 75
\BOOKMARK [3][-]{subsubsection.5.6.2.9}{\376\377\0005\000.\0006\000.\0002\000.\0009\000\040\000r\000e\000g\000i\000s\000t\000r\000a\000r\000V\000i\000t\000o\000r\000i\000a\000\050\000\051}{subsection.5.6.2}% 76
\BOOKMARK [1][-]{section.5.7}{\376\377\0005\000.\0007\000\040\000R\000e\000f\000e\000r\000\352\000n\000c\000i\000a\000\040\000d\000a\000\040\000C\000l\000a\000s\000s\000e\000\040\000J\000o\000g\000o\000D\000a\000V\000e\000l\000h\000a}{chapter.5}% 77
\BOOKMARK [2][-]{subsection.5.7.1}{\376\377\0005\000.\0007\000.\0001\000\040\000C\000o\000n\000s\000t\000r\000u\000t\000o\000r\000e\000s\000\040\000e\000\040\000D\000e\000s\000t\000r\000u\000t\000o\000r\000e\000s}{section.5.7}% 78
\BOOKMARK [3][-]{subsubsection.5.7.1.1}{\376\377\0005\000.\0007\000.\0001\000.\0001\000\040\000J\000o\000g\000o\000D\000a\000V\000e\000l\000h\000a\000\050\000\051\000\040\000[\0001\000/\0002\000]}{subsection.5.7.1}% 79
\BOOKMARK [3][-]{subsubsection.5.7.1.2}{\376\377\0005\000.\0007\000.\0001\000.\0002\000\040\000J\000o\000g\000o\000D\000a\000V\000e\000l\000h\000a\000\050\000\051\000\040\000[\0002\000/\0002\000]}{subsection.5.7.1}% 80
\BOOKMARK [2][-]{subsection.5.7.2}{\376\377\0005\000.\0007\000.\0002\000\040\000D\000o\000c\000u\000m\000e\000n\000t\000a\000\347\000\343\000o\000\040\000d\000a\000s\000\040\000f\000u\000n\000\347\000\365\000e\000s}{section.5.7}% 81
\BOOKMARK [3][-]{subsubsection.5.7.2.1}{\376\377\0005\000.\0007\000.\0002\000.\0001\000\040\000a\000n\000u\000n\000c\000i\000a\000r\000I\000n\000i\000c\000i\000o\000P\000a\000r\000t\000i\000d\000a\000\050\000\051}{subsection.5.7.2}% 82
\BOOKMARK [3][-]{subsubsection.5.7.2.2}{\376\377\0005\000.\0007\000.\0002\000.\0002\000\040\000c\000h\000e\000c\000a\000r\000C\000o\000l\000u\000n\000a\000s\000\050\000\051}{subsection.5.7.2}% 83
\BOOKMARK [3][-]{subsubsection.5.7.2.3}{\376\377\0005\000.\0007\000.\0002\000.\0003\000\040\000c\000h\000e\000c\000a\000r\000D\000i\000a\000g\000o\000n\000a\000l\000\050\000\051}{subsection.5.7.2}% 84
\BOOKMARK [3][-]{subsubsection.5.7.2.4}{\376\377\0005\000.\0007\000.\0002\000.\0004\000\040\000c\000h\000e\000c\000a\000r\000E\000m\000p\000a\000t\000e\000\050\000\051}{subsection.5.7.2}% 85
\BOOKMARK [3][-]{subsubsection.5.7.2.5}{\376\377\0005\000.\0007\000.\0002\000.\0005\000\040\000c\000h\000e\000c\000a\000r\000L\000i\000n\000h\000a\000s\000\050\000\051}{subsection.5.7.2}% 86
\BOOKMARK [3][-]{subsubsection.5.7.2.6}{\376\377\0005\000.\0007\000.\0002\000.\0006\000\040\000c\000h\000e\000c\000a\000r\000V\000e\000n\000c\000e\000d\000o\000r\000\050\000\051}{subsection.5.7.2}% 87
\BOOKMARK [3][-]{subsubsection.5.7.2.7}{\376\377\0005\000.\0007\000.\0002\000.\0007\000\040\000l\000e\000r\000J\000o\000g\000a\000d\000a\000\050\000\051}{subsection.5.7.2}% 88
\BOOKMARK [2][-]{subsection.5.7.3}{\376\377\0005\000.\0007\000.\0003\000\040\000D\000o\000c\000u\000m\000e\000n\000t\000a\000\347\000\343\000o\000\040\000d\000o\000s\000\040\000s\000\355\000m\000b\000o\000l\000o\000s\000\040\000a\000m\000i\000g\000o\000s\000\040\000e\000\040\000r\000e\000l\000a\000c\000i\000o\000n\000a\000d\000o\000s}{section.5.7}% 89
\BOOKMARK [3][-]{subsubsection.5.7.3.1}{\376\377\0005\000.\0007\000.\0003\000.\0001\000\040\000J\000o\000g\000o\000D\000a\000V\000e\000l\000h\000a\000A\000i}{subsection.5.7.3}% 90
\BOOKMARK [1][-]{section.5.8}{\376\377\0005\000.\0008\000\040\000R\000e\000f\000e\000r\000\352\000n\000c\000i\000a\000\040\000d\000a\000\040\000C\000l\000a\000s\000s\000e\000\040\000J\000o\000g\000o\000D\000a\000V\000e\000l\000h\000a\000A\000i}{chapter.5}% 91
\BOOKMARK [2][-]{subsection.5.8.1}{\376\377\0005\000.\0008\000.\0001\000\040\000C\000o\000n\000s\000t\000r\000u\000t\000o\000r\000e\000s\000\040\000e\000\040\000D\000e\000s\000t\000r\000u\000t\000o\000r\000e\000s}{section.5.8}% 92
\BOOKMARK [3][-]{subsubsection.5.8.1.1}{\376\377\0005\000.\0008\000.\0001\000.\0001\000\040\000J\000o\000g\000o\000D\000a\000V\000e\000l\000h\000a\000A\000i\000\050\000\051}{subsection.5.8.1}% 93
\BOOKMARK [2][-]{subsection.5.8.2}{\376\377\0005\000.\0008\000.\0002\000\040\000D\000o\000c\000u\000m\000e\000n\000t\000a\000\347\000\343\000o\000\040\000d\000a\000s\000\040\000f\000u\000n\000\347\000\365\000e\000s}{section.5.8}% 94
\BOOKMARK [3][-]{subsubsection.5.8.2.1}{\376\377\0005\000.\0008\000.\0002\000.\0001\000\040\000J\000o\000g\000a\000r\000\050\000\051}{subsection.5.8.2}% 95
\BOOKMARK [3][-]{subsubsection.5.8.2.2}{\376\377\0005\000.\0008\000.\0002\000.\0002\000\040\000p\000l\000a\000y\000G\000a\000m\000e\000\050\000\051}{subsection.5.8.2}% 96
\BOOKMARK [1][-]{section.5.9}{\376\377\0005\000.\0009\000\040\000R\000e\000f\000e\000r\000\352\000n\000c\000i\000a\000\040\000d\000a\000\040\000C\000l\000a\000s\000s\000e\000\040\000J\000o\000g\000o\000s}{chapter.5}% 97
\BOOKMARK [2][-]{subsection.5.9.1}{\376\377\0005\000.\0009\000.\0001\000\040\000D\000o\000c\000u\000m\000e\000n\000t\000a\000\347\000\343\000o\000\040\000d\000a\000s\000\040\000f\000u\000n\000\347\000\365\000e\000s}{section.5.9}% 98
\BOOKMARK [3][-]{subsubsection.5.9.1.1}{\376\377\0005\000.\0009\000.\0001\000.\0001\000\040\000a\000n\000u\000n\000c\000i\000a\000r\000I\000n\000i\000c\000i\000o\000P\000a\000r\000t\000i\000d\000a\000\050\000\051}{subsection.5.9.1}% 99
\BOOKMARK [3][-]{subsubsection.5.9.1.2}{\376\377\0005\000.\0009\000.\0001\000.\0002\000\040\000a\000n\000u\000n\000c\000i\000a\000r\000T\000u\000r\000n\000o\000J\000o\000g\000a\000d\000o\000r\000\050\000\051}{subsection.5.9.1}% 100
\BOOKMARK [3][-]{subsubsection.5.9.1.3}{\376\377\0005\000.\0009\000.\0001\000.\0003\000\040\000c\000h\000e\000c\000a\000r\000E\000m\000p\000a\000t\000e\000\050\000\051}{subsection.5.9.1}% 101
\BOOKMARK [3][-]{subsubsection.5.9.1.4}{\376\377\0005\000.\0009\000.\0001\000.\0004\000\040\000c\000h\000e\000c\000a\000r\000J\000o\000g\000a\000d\000a\000E\000x\000i\000s\000t\000e\000n\000t\000e\000\050\000\051}{subsection.5.9.1}% 102
\BOOKMARK [3][-]{subsubsection.5.9.1.5}{\376\377\0005\000.\0009\000.\0001\000.\0005\000\040\000c\000h\000e\000c\000a\000r\000P\000o\000s\000i\000c\000a\000o\000V\000a\000l\000i\000d\000a\000\050\000\051}{subsection.5.9.1}% 103
\BOOKMARK [3][-]{subsubsection.5.9.1.6}{\376\377\0005\000.\0009\000.\0001\000.\0006\000\040\000c\000h\000e\000c\000a\000r\000V\000e\000n\000c\000e\000d\000o\000r\000\050\000\051}{subsection.5.9.1}% 104
\BOOKMARK [3][-]{subsubsection.5.9.1.7}{\376\377\0005\000.\0009\000.\0001\000.\0007\000\040\000g\000e\000r\000a\000r\000D\000i\000v\000i\000s\000o\000r\000i\000a\000T\000a\000b\000u\000l\000e\000i\000r\000o\000\050\000\051}{subsection.5.9.1}% 105
\BOOKMARK [3][-]{subsubsection.5.9.1.8}{\376\377\0005\000.\0009\000.\0001\000.\0008\000\040\000J\000o\000g\000a\000r\000\050\000\051}{subsection.5.9.1}% 106
\BOOKMARK [3][-]{subsubsection.5.9.1.9}{\376\377\0005\000.\0009\000.\0001\000.\0009\000\040\000l\000e\000r\000J\000o\000g\000a\000d\000a\000\050\000\051}{subsection.5.9.1}% 107
\BOOKMARK [3][-]{subsubsection.5.9.1.10}{\376\377\0005\000.\0009\000.\0001\000.\0001\0000\000\040\000l\000i\000m\000p\000a\000r\000T\000a\000b\000u\000l\000e\000i\000r\000o\000\050\000\051}{subsection.5.9.1}% 108
\BOOKMARK [3][-]{subsubsection.5.9.1.11}{\376\377\0005\000.\0009\000.\0001\000.\0001\0001\000\040\000m\000a\000r\000c\000a\000r\000T\000a\000b\000u\000l\000e\000i\000r\000o\000\050\000\051\000\040\000[\0001\000/\0002\000]}{subsection.5.9.1}% 109
\BOOKMARK [3][-]{subsubsection.5.9.1.12}{\376\377\0005\000.\0009\000.\0001\000.\0001\0002\000\040\000m\000a\000r\000c\000a\000r\000T\000a\000b\000u\000l\000e\000i\000r\000o\000\050\000\051\000\040\000[\0002\000/\0002\000]}{subsection.5.9.1}% 110
\BOOKMARK [3][-]{subsubsection.5.9.1.13}{\376\377\0005\000.\0009\000.\0001\000.\0001\0003\000\040\000m\000o\000s\000t\000r\000a\000r\000T\000a\000b\000u\000l\000e\000i\000r\000o\000\050\000\051\000\040\000[\0001\000/\0002\000]}{subsection.5.9.1}% 111
\BOOKMARK [3][-]{subsubsection.5.9.1.14}{\376\377\0005\000.\0009\000.\0001\000.\0001\0004\000\040\000m\000o\000s\000t\000r\000a\000r\000T\000a\000b\000u\000l\000e\000i\000r\000o\000\050\000\051\000\040\000[\0002\000/\0002\000]}{subsection.5.9.1}% 112
\BOOKMARK [3][-]{subsubsection.5.9.1.15}{\376\377\0005\000.\0009\000.\0001\000.\0001\0005\000\040\000s\000o\000r\000t\000e\000i\000o\000T\000u\000r\000n\000o\000\050\000\051}{subsection.5.9.1}% 113
\BOOKMARK [2][-]{subsection.5.9.2}{\376\377\0005\000.\0009\000.\0002\000\040\000A\000t\000r\000i\000b\000u\000t\000o\000s}{section.5.9}% 114
\BOOKMARK [3][-]{subsubsection.5.9.2.1}{\376\377\0005\000.\0009\000.\0002\000.\0001\000\040\000t\000a\000b\000u\000l\000e\000i\000r\000o}{subsection.5.9.2}% 115
\BOOKMARK [1][-]{section.5.10}{\376\377\0005\000.\0001\0000\000\040\000R\000e\000f\000e\000r\000\352\000n\000c\000i\000a\000\040\000d\000a\000\040\000C\000l\000a\000s\000s\000e\000\040\000L\000i\000g\0004}{chapter.5}% 116
\BOOKMARK [2][-]{subsection.5.10.1}{\376\377\0005\000.\0001\0000\000.\0001\000\040\000C\000o\000n\000s\000t\000r\000u\000t\000o\000r\000e\000s\000\040\000e\000\040\000D\000e\000s\000t\000r\000u\000t\000o\000r\000e\000s}{section.5.10}% 117
\BOOKMARK [3][-]{subsubsection.5.10.1.1}{\376\377\0005\000.\0001\0000\000.\0001\000.\0001\000\040\000L\000i\000g\0004\000\050\000\051\000\040\000[\0001\000/\0002\000]}{subsection.5.10.1}% 118
\BOOKMARK [3][-]{subsubsection.5.10.1.2}{\376\377\0005\000.\0001\0000\000.\0001\000.\0002\000\040\000L\000i\000g\0004\000\050\000\051\000\040\000[\0002\000/\0002\000]}{subsection.5.10.1}% 119
\BOOKMARK [2][-]{subsection.5.10.2}{\376\377\0005\000.\0001\0000\000.\0002\000\040\000D\000o\000c\000u\000m\000e\000n\000t\000a\000\347\000\343\000o\000\040\000d\000a\000s\000\040\000f\000u\000n\000\347\000\365\000e\000s}{section.5.10}% 120
\BOOKMARK [3][-]{subsubsection.5.10.2.1}{\376\377\0005\000.\0001\0000\000.\0002\000.\0001\000\040\000a\000n\000u\000n\000c\000i\000a\000r\000I\000n\000i\000c\000i\000o\000P\000a\000r\000t\000i\000d\000a\000\050\000\051}{subsection.5.10.2}% 121
\BOOKMARK [3][-]{subsubsection.5.10.2.2}{\376\377\0005\000.\0001\0000\000.\0002\000.\0002\000\040\000c\000h\000e\000c\000a\000r\000C\000o\000l\000u\000n\000a\000s\000\050\000\051}{subsection.5.10.2}% 122
\BOOKMARK [3][-]{subsubsection.5.10.2.3}{\376\377\0005\000.\0001\0000\000.\0002\000.\0003\000\040\000c\000h\000e\000c\000a\000r\000D\000i\000a\000g\000o\000n\000a\000l\000\050\000\051}{subsection.5.10.2}% 123
\BOOKMARK [3][-]{subsubsection.5.10.2.4}{\376\377\0005\000.\0001\0000\000.\0002\000.\0004\000\040\000c\000h\000e\000c\000a\000r\000E\000m\000p\000a\000t\000e\000\050\000\051}{subsection.5.10.2}% 124
\BOOKMARK [3][-]{subsubsection.5.10.2.5}{\376\377\0005\000.\0001\0000\000.\0002\000.\0005\000\040\000c\000h\000e\000c\000a\000r\000L\000i\000n\000h\000a\000s\000\050\000\051}{subsection.5.10.2}% 125
\BOOKMARK [3][-]{subsubsection.5.10.2.6}{\376\377\0005\000.\0001\0000\000.\0002\000.\0006\000\040\000c\000h\000e\000c\000a\000r\000V\000e\000n\000c\000e\000d\000o\000r\000\050\000\051}{subsection.5.10.2}% 126
\BOOKMARK [3][-]{subsubsection.5.10.2.7}{\376\377\0005\000.\0001\0000\000.\0002\000.\0007\000\040\000l\000e\000r\000J\000o\000g\000a\000d\000a\000\050\000\051}{subsection.5.10.2}% 127
\BOOKMARK [1][-]{section.5.11}{\376\377\0005\000.\0001\0001\000\040\000R\000e\000f\000e\000r\000\352\000n\000c\000i\000a\000\040\000d\000a\000\040\000C\000l\000a\000s\000s\000e\000\040\000R\000e\000v\000e\000r\000s\000i}{chapter.5}% 128
\BOOKMARK [2][-]{subsection.5.11.1}{\376\377\0005\000.\0001\0001\000.\0001\000\040\000C\000o\000n\000s\000t\000r\000u\000t\000o\000r\000e\000s\000\040\000e\000\040\000D\000e\000s\000t\000r\000u\000t\000o\000r\000e\000s}{section.5.11}% 129
\BOOKMARK [3][-]{subsubsection.5.11.1.1}{\376\377\0005\000.\0001\0001\000.\0001\000.\0001\000\040\000R\000e\000v\000e\000r\000s\000i\000\050\000\051\000\040\000[\0001\000/\0002\000]}{subsection.5.11.1}% 130
\BOOKMARK [3][-]{subsubsection.5.11.1.2}{\376\377\0005\000.\0001\0001\000.\0001\000.\0002\000\040\000R\000e\000v\000e\000r\000s\000i\000\050\000\051\000\040\000[\0002\000/\0002\000]}{subsection.5.11.1}% 131
\BOOKMARK [2][-]{subsection.5.11.2}{\376\377\0005\000.\0001\0001\000.\0002\000\040\000D\000o\000c\000u\000m\000e\000n\000t\000a\000\347\000\343\000o\000\040\000d\000a\000s\000\040\000f\000u\000n\000\347\000\365\000e\000s}{section.5.11}% 132
\BOOKMARK [3][-]{subsubsection.5.11.2.1}{\376\377\0005\000.\0001\0001\000.\0002\000.\0001\000\040\000a\000n\000u\000n\000c\000i\000a\000r\000I\000n\000i\000c\000i\000o\000P\000a\000r\000t\000i\000d\000a\000\050\000\051}{subsection.5.11.2}% 133
\BOOKMARK [3][-]{subsubsection.5.11.2.2}{\376\377\0005\000.\0001\0001\000.\0002\000.\0002\000\040\000c\000h\000e\000c\000a\000r\000E\000m\000p\000a\000t\000e\000\050\000\051}{subsection.5.11.2}% 134
\BOOKMARK [3][-]{subsubsection.5.11.2.3}{\376\377\0005\000.\0001\0001\000.\0002\000.\0003\000\040\000c\000h\000e\000c\000a\000r\000V\000e\000n\000c\000e\000d\000o\000r\000\050\000\051\000\040\000[\0001\000/\0002\000]}{subsection.5.11.2}% 135
\BOOKMARK [3][-]{subsubsection.5.11.2.4}{\376\377\0005\000.\0001\0001\000.\0002\000.\0004\000\040\000c\000h\000e\000c\000a\000r\000V\000e\000n\000c\000e\000d\000o\000r\000\050\000\051\000\040\000[\0002\000/\0002\000]}{subsection.5.11.2}% 136
\BOOKMARK [3][-]{subsubsection.5.11.2.5}{\376\377\0005\000.\0001\0001\000.\0002\000.\0005\000\040\000h\000a\000M\000o\000v\000i\000m\000e\000n\000t\000o\000s\000D\000i\000s\000p\000o\000n\000i\000v\000e\000i\000s\000\050\000\051}{subsection.5.11.2}% 137
\BOOKMARK [3][-]{subsubsection.5.11.2.6}{\376\377\0005\000.\0001\0001\000.\0002\000.\0006\000\040\000j\000o\000g\000a\000d\000o\000r\000I\000n\000i\000c\000i\000a\000l\000\050\000\051}{subsection.5.11.2}% 138
\BOOKMARK [3][-]{subsubsection.5.11.2.7}{\376\377\0005\000.\0001\0001\000.\0002\000.\0007\000\040\000J\000o\000g\000a\000r\000\050\000\051}{subsection.5.11.2}% 139
\BOOKMARK [3][-]{subsubsection.5.11.2.8}{\376\377\0005\000.\0001\0001\000.\0002\000.\0008\000\040\000l\000e\000r\000J\000o\000g\000a\000d\000a\000\050\000\051}{subsection.5.11.2}% 140
\BOOKMARK [3][-]{subsubsection.5.11.2.9}{\376\377\0005\000.\0001\0001\000.\0002\000.\0009\000\040\000l\000i\000m\000p\000a\000r\000T\000a\000b\000u\000l\000e\000i\000r\000o\000\050\000\051}{subsection.5.11.2}% 141
\BOOKMARK [3][-]{subsubsection.5.11.2.10}{\376\377\0005\000.\0001\0001\000.\0002\000.\0001\0000\000\040\000m\000a\000r\000c\000a\000r\000T\000a\000b\000u\000l\000e\000i\000r\000o\000\050\000\051}{subsection.5.11.2}% 142
\BOOKMARK [3][-]{subsubsection.5.11.2.11}{\376\377\0005\000.\0001\0001\000.\0002\000.\0001\0001\000\040\000m\000o\000v\000i\000m\000e\000n\000t\000o\000V\000a\000l\000i\000d\000o\000\050\000\051}{subsection.5.11.2}% 143
\BOOKMARK [0][-]{chapter.6}{\376\377\0006\000\040\000A\000r\000q\000u\000i\000v\000o\000s}{}% 144
\BOOKMARK [1][-]{section.6.1}{\376\377\0006\000.\0001\000\040\000R\000e\000f\000e\000r\000\352\000n\000c\000i\000a\000\040\000d\000o\000\040\000A\000r\000q\000u\000i\000v\000o\000\040\000i\000n\000c\000l\000u\000d\000e\000/\000B\000a\000t\000a\000l\000h\000a\000N\000a\000v\000a\000l\000.\000h\000p\000p}{chapter.6}% 145
\BOOKMARK [1][-]{section.6.2}{\376\377\0006\000.\0002\000\040\000B\000a\000t\000a\000l\000h\000a\000N\000a\000v\000a\000l\000.\000h\000p\000p}{chapter.6}% 146
\BOOKMARK [1][-]{section.6.3}{\376\377\0006\000.\0003\000\040\000R\000e\000f\000e\000r\000\352\000n\000c\000i\000a\000\040\000d\000o\000\040\000A\000r\000q\000u\000i\000v\000o\000\040\000i\000n\000c\000l\000u\000d\000e\000/\000C\000e\000n\000t\000r\000a\000l\000D\000e\000J\000o\000g\000o\000s\000.\000h\000p\000p}{chapter.6}% 147
\BOOKMARK [1][-]{section.6.4}{\376\377\0006\000.\0004\000\040\000C\000e\000n\000t\000r\000a\000l\000D\000e\000J\000o\000g\000o\000s\000.\000h\000p\000p}{chapter.6}% 148
\BOOKMARK [1][-]{section.6.5}{\376\377\0006\000.\0005\000\040\000R\000e\000f\000e\000r\000\352\000n\000c\000i\000a\000\040\000d\000o\000\040\000A\000r\000q\000u\000i\000v\000o\000\040\000i\000n\000c\000l\000u\000d\000e\000/\000E\000s\000t\000a\000t\000i\000s\000t\000i\000c\000a\000s\000.\000h\000p\000p}{chapter.6}% 149
\BOOKMARK [1][-]{section.6.6}{\376\377\0006\000.\0006\000\040\000E\000s\000t\000a\000t\000i\000s\000t\000i\000c\000a\000s\000.\000h\000p\000p}{chapter.6}% 150
\BOOKMARK [1][-]{section.6.7}{\376\377\0006\000.\0007\000\040\000R\000e\000f\000e\000r\000\352\000n\000c\000i\000a\000\040\000d\000o\000\040\000A\000r\000q\000u\000i\000v\000o\000\040\000i\000n\000c\000l\000u\000d\000e\000/\000J\000o\000g\000a\000d\000o\000r\000.\000h\000p\000p}{chapter.6}% 151
\BOOKMARK [1][-]{section.6.8}{\376\377\0006\000.\0008\000\040\000J\000o\000g\000a\000d\000o\000r\000.\000h\000p\000p}{chapter.6}% 152
\BOOKMARK [1][-]{section.6.9}{\376\377\0006\000.\0009\000\040\000R\000e\000f\000e\000r\000\352\000n\000c\000i\000a\000\040\000d\000o\000\040\000A\000r\000q\000u\000i\000v\000o\000\040\000i\000n\000c\000l\000u\000d\000e\000/\000J\000o\000g\000o\000D\000a\000V\000e\000l\000h\000a\000.\000h\000p\000p}{chapter.6}% 153
\BOOKMARK [1][-]{section.6.10}{\376\377\0006\000.\0001\0000\000\040\000J\000o\000g\000o\000D\000a\000V\000e\000l\000h\000a\000.\000h\000p\000p}{chapter.6}% 154
\BOOKMARK [1][-]{section.6.11}{\376\377\0006\000.\0001\0001\000\040\000R\000e\000f\000e\000r\000\352\000n\000c\000i\000a\000\040\000d\000o\000\040\000A\000r\000q\000u\000i\000v\000o\000\040\000i\000n\000c\000l\000u\000d\000e\000/\000J\000o\000g\000o\000D\000a\000V\000e\000l\000h\000a\000A\000i\000.\000h\000p\000p}{chapter.6}% 155
\BOOKMARK [2][-]{subsection.6.11.1}{\376\377\0006\000.\0001\0001\000.\0001\000\040\000V\000a\000r\000i\000\341\000v\000e\000i\000s}{section.6.11}% 156
\BOOKMARK [3][-]{subsubsection.6.11.1.1}{\376\377\0006\000.\0001\0001\000.\0001\000.\0001\000\040\000B\000O\000A\000R\000D\000\137\000S\000I\000Z\000E}{subsection.6.11.1}% 157
\BOOKMARK [3][-]{subsubsection.6.11.1.2}{\376\377\0006\000.\0001\0001\000.\0001\000.\0002\000\040\000E\000M\000P\000T\000Y}{subsection.6.11.1}% 158
\BOOKMARK [3][-]{subsubsection.6.11.1.3}{\376\377\0006\000.\0001\0001\000.\0001\000.\0003\000\040\000P\000L\000A\000Y\000E\000R\000\137\000O}{subsection.6.11.1}% 159
\BOOKMARK [3][-]{subsubsection.6.11.1.4}{\376\377\0006\000.\0001\0001\000.\0001\000.\0004\000\040\000P\000L\000A\000Y\000E\000R\000\137\000X}{subsection.6.11.1}% 160
\BOOKMARK [1][-]{section.6.12}{\376\377\0006\000.\0001\0002\000\040\000J\000o\000g\000o\000D\000a\000V\000e\000l\000h\000a\000A\000i\000.\000h\000p\000p}{chapter.6}% 161
\BOOKMARK [1][-]{section.6.13}{\376\377\0006\000.\0001\0003\000\040\000R\000e\000f\000e\000r\000\352\000n\000c\000i\000a\000\040\000d\000o\000\040\000A\000r\000q\000u\000i\000v\000o\000\040\000i\000n\000c\000l\000u\000d\000e\000/\000J\000o\000g\000o\000s\000.\000h\000p\000p}{chapter.6}% 162
\BOOKMARK [1][-]{section.6.14}{\376\377\0006\000.\0001\0004\000\040\000J\000o\000g\000o\000s\000.\000h\000p\000p}{chapter.6}% 163
\BOOKMARK [1][-]{section.6.15}{\376\377\0006\000.\0001\0005\000\040\000R\000e\000f\000e\000r\000\352\000n\000c\000i\000a\000\040\000d\000o\000\040\000A\000r\000q\000u\000i\000v\000o\000\040\000i\000n\000c\000l\000u\000d\000e\000/\000L\000i\000g\0004\000.\000h\000p\000p}{chapter.6}% 164
\BOOKMARK [1][-]{section.6.16}{\376\377\0006\000.\0001\0006\000\040\000L\000i\000g\0004\000.\000h\000p\000p}{chapter.6}% 165
\BOOKMARK [1][-]{section.6.17}{\376\377\0006\000.\0001\0007\000\040\000R\000e\000f\000e\000r\000\352\000n\000c\000i\000a\000\040\000d\000o\000\040\000A\000r\000q\000u\000i\000v\000o\000\040\000i\000n\000c\000l\000u\000d\000e\000/\000R\000e\000v\000e\000r\000s\000i\000.\000h\000p\000p}{chapter.6}% 166
\BOOKMARK [1][-]{section.6.18}{\376\377\0006\000.\0001\0008\000\040\000R\000e\000v\000e\000r\000s\000i\000.\000h\000p\000p}{chapter.6}% 167
\BOOKMARK [1][-]{section.6.19}{\376\377\0006\000.\0001\0009\000\040\000R\000e\000f\000e\000r\000\352\000n\000c\000i\000a\000\040\000d\000o\000\040\000A\000r\000q\000u\000i\000v\000o\000\040\000s\000r\000c\000/\000B\000a\000t\000a\000l\000h\000a\000N\000a\000v\000a\000l\000.\000c\000p\000p}{chapter.6}% 168
\BOOKMARK [2][-]{subsection.6.19.1}{\376\377\0006\000.\0001\0009\000.\0001\000\040\000F\000u\000n\000\347\000\365\000e\000s}{section.6.19}% 169
\BOOKMARK [3][-]{subsubsection.6.19.1.1}{\376\377\0006\000.\0001\0009\000.\0001\000.\0001\000\040\000i\000n\000s\000e\000r\000i\000r\000B\000a\000r\000c\000o\000s\000\050\000\051}{subsection.6.19.1}% 170
\BOOKMARK [1][-]{section.6.20}{\376\377\0006\000.\0002\0000\000\040\000R\000e\000f\000e\000r\000\352\000n\000c\000i\000a\000\040\000d\000o\000\040\000A\000r\000q\000u\000i\000v\000o\000\040\000s\000r\000c\000/\000C\000e\000n\000t\000r\000a\000l\000D\000e\000J\000o\000g\000o\000s\000.\000c\000p\000p}{chapter.6}% 171
\BOOKMARK [1][-]{section.6.21}{\376\377\0006\000.\0002\0001\000\040\000R\000e\000f\000e\000r\000\352\000n\000c\000i\000a\000\040\000d\000o\000\040\000A\000r\000q\000u\000i\000v\000o\000\040\000s\000r\000c\000/\000E\000s\000t\000a\000t\000i\000s\000t\000i\000c\000a\000s\000.\000c\000p\000p}{chapter.6}% 172
\BOOKMARK [1][-]{section.6.22}{\376\377\0006\000.\0002\0002\000\040\000R\000e\000f\000e\000r\000\352\000n\000c\000i\000a\000\040\000d\000o\000\040\000A\000r\000q\000u\000i\000v\000o\000\040\000s\000r\000c\000/\000J\000o\000g\000a\000d\000o\000r\000.\000c\000p\000p}{chapter.6}% 173
\BOOKMARK [1][-]{section.6.23}{\376\377\0006\000.\0002\0003\000\040\000R\000e\000f\000e\000r\000\352\000n\000c\000i\000a\000\040\000d\000o\000\040\000A\000r\000q\000u\000i\000v\000o\000\040\000s\000r\000c\000/\000J\000o\000g\000o\000D\000a\000V\000e\000l\000h\000a\000.\000c\000p\000p}{chapter.6}% 174
\BOOKMARK [1][-]{section.6.24}{\376\377\0006\000.\0002\0004\000\040\000R\000e\000f\000e\000r\000\352\000n\000c\000i\000a\000\040\000d\000o\000\040\000A\000r\000q\000u\000i\000v\000o\000\040\000s\000r\000c\000/\000J\000o\000g\000o\000D\000a\000V\000e\000l\000h\000a\000A\000i\000.\000c\000p\000p}{chapter.6}% 175
\BOOKMARK [1][-]{section.6.25}{\376\377\0006\000.\0002\0005\000\040\000R\000e\000f\000e\000r\000\352\000n\000c\000i\000a\000\040\000d\000o\000\040\000A\000r\000q\000u\000i\000v\000o\000\040\000s\000r\000c\000/\000J\000o\000g\000o\000s\000.\000c\000p\000p}{chapter.6}% 176
\BOOKMARK [1][-]{section.6.26}{\376\377\0006\000.\0002\0006\000\040\000R\000e\000f\000e\000r\000\352\000n\000c\000i\000a\000\040\000d\000o\000\040\000A\000r\000q\000u\000i\000v\000o\000\040\000s\000r\000c\000/\000L\000i\000g\0004\000.\000c\000p\000p}{chapter.6}% 177
\BOOKMARK [1][-]{section.6.27}{\376\377\0006\000.\0002\0007\000\040\000R\000e\000f\000e\000r\000\352\000n\000c\000i\000a\000\040\000d\000o\000\040\000A\000r\000q\000u\000i\000v\000o\000\040\000s\000r\000c\000/\000m\000a\000i\000n\000.\000c\000p\000p}{chapter.6}% 178
\BOOKMARK [2][-]{subsection.6.27.1}{\376\377\0006\000.\0002\0007\000.\0001\000\040\000F\000u\000n\000\347\000\365\000e\000s}{section.6.27}% 179
\BOOKMARK [3][-]{subsubsection.6.27.1.1}{\376\377\0006\000.\0002\0007\000.\0001\000.\0001\000\040\000e\000x\000i\000b\000i\000r\000M\000e\000n\000u\000\050\000\051}{subsection.6.27.1}% 180
\BOOKMARK [3][-]{subsubsection.6.27.1.2}{\376\377\0006\000.\0002\0007\000.\0001\000.\0002\000\040\000m\000a\000i\000n\000\050\000\051}{subsection.6.27.1}% 181
\BOOKMARK [3][-]{subsubsection.6.27.1.3}{\376\377\0006\000.\0002\0007\000.\0001\000.\0003\000\040\000v\000a\000l\000i\000d\000a\000r\000E\000n\000t\000r\000a\000d\000a\000\050\000\051}{subsection.6.27.1}% 182
\BOOKMARK [1][-]{section.6.28}{\376\377\0006\000.\0002\0008\000\040\000R\000e\000f\000e\000r\000\352\000n\000c\000i\000a\000\040\000d\000o\000\040\000A\000r\000q\000u\000i\000v\000o\000\040\000s\000r\000c\000/\000R\000e\000v\000e\000r\000s\000i\000.\000c\000p\000p}{chapter.6}% 183
\BOOKMARK [1][-]{section.6.29}{\376\377\0006\000.\0002\0009\000\040\000R\000e\000f\000e\000r\000\352\000n\000c\000i\000a\000\040\000d\000o\000\040\000A\000r\000q\000u\000i\000v\000o\000\040\000U\000I\000/\000R\000E\000A\000D\000M\000E\000.\000m\000d}{chapter.6}% 184
\BOOKMARK [0][-]{section*.54}{\376\377\000\315\000n\000d\000i\000c\000e\000\040\000R\000e\000m\000i\000s\000s\000i\000v\000o}{}% 185
